Unity Editor version:    2021.3.24f1 (cf10dcf7010d)
Branch:                  2021.3/staging
Build type:              Release
Batch mode:              YES
macOS version:           Version 13.3.1 (Build 22E261)
Darwin version:          22.4.0
Architecture:            arm64
Running under Rosetta:   NO
Available memory:        16384 MB
Using pre-set license
Pro License: YES

COMMAND LINE ARGUMENTS:
/Applications/Unity/Hub/Editor/2021.3.24f1/Unity.app/Contents/MacOS/Unity
-adb2
-batchMode
-noUpm
-name
AssetImportWorker3
-projectPath
/Users/kqlqk/Desktop/Unity-project
-logFile
Logs/AssetImportWorker3.log
-srvPort
53125
Successfully changed project path to: /Users/kqlqk/Desktop/Unity-project
/Users/kqlqk/Desktop/Unity-project
[UnityMemory] Configuration Parameters - Can be set up in boot.config
    "memorysetup-bucket-allocator-granularity=16"
    "memorysetup-bucket-allocator-bucket-count=8"
    "memorysetup-bucket-allocator-block-size=33554432"
    "memorysetup-bucket-allocator-block-count=8"
    "memorysetup-main-allocator-block-size=16777216"
    "memorysetup-thread-allocator-block-size=16777216"
    "memorysetup-gfx-main-allocator-block-size=16777216"
    "memorysetup-gfx-thread-allocator-block-size=16777216"
    "memorysetup-cache-allocator-block-size=4194304"
    "memorysetup-typetree-allocator-block-size=2097152"
    "memorysetup-profiler-bucket-allocator-granularity=16"
    "memorysetup-profiler-bucket-allocator-bucket-count=8"
    "memorysetup-profiler-bucket-allocator-block-size=33554432"
    "memorysetup-profiler-bucket-allocator-block-count=8"
    "memorysetup-profiler-allocator-block-size=16777216"
    "memorysetup-profiler-editor-allocator-block-size=1048576"
    "memorysetup-temp-allocator-size-main=16777216"
    "memorysetup-job-temp-allocator-block-size=2097152"
    "memorysetup-job-temp-allocator-block-size-background=1048576"
    "memorysetup-job-temp-allocator-reduction-small-platforms=262144"
    "memorysetup-temp-allocator-size-background-worker=32768"
    "memorysetup-temp-allocator-size-job-worker=262144"
    "memorysetup-temp-allocator-size-preload-manager=33554432"
    "memorysetup-temp-allocator-size-nav-mesh-worker=65536"
    "memorysetup-temp-allocator-size-audio-worker=65536"
    "memorysetup-temp-allocator-size-cloud-worker=32768"
    "memorysetup-temp-allocator-size-gi-baking-worker=262144"
    "memorysetup-temp-allocator-size-gfx=262144"
Player connection [8239766336] Host "[IP] 192.168.1.53 [Port] 0 [Flags] 2 [Guid] 1625408194 [EditorId] 1625408194 [Version] 1048832 [Id] OSXEditor(0,kirills-macbook-air.home) [Debug] 1 [PackageName] OSXEditor [ProjectName] Editor" joined multi-casting on [225.0.0.222:54997]...

Player connection [8239766336] Host "[IP] 192.168.1.53 [Port] 0 [Flags] 2 [Guid] 1625408194 [EditorId] 1625408194 [Version] 1048832 [Id] OSXEditor(0,kirills-macbook-air.home) [Debug] 1 [PackageName] OSXEditor [ProjectName] Editor" joined alternative multi-casting on [225.0.0.222:34997]...

Refreshing native plugins compatible for Editor in 53.33 ms, found 2 plugins.
Preloading 0 native plugins for Editor in 0.00 ms.
Initialize engine version: 2021.3.24f1 (cf10dcf7010d)
[Subsystems] Discovering subsystems at path /Applications/Unity/Hub/Editor/2021.3.24f1/Unity.app/Contents/Resources/UnitySubsystems
[Subsystems] Discovering subsystems at path /Users/kqlqk/Desktop/Unity-project/Assets
GfxDevice: creating device client; threaded=0; jobified=0
 preferred device: Apple M2 (high power)
Metal devices available: 1
0: Apple M2 (high power)
Using device Apple M2 (high power)
Initializing Metal device caps: Apple M2
Initialize mono
Mono path[0] = '/Applications/Unity/Hub/Editor/2021.3.24f1/Unity.app/Contents/Managed'
Mono path[1] = '/Applications/Unity/Hub/Editor/2021.3.24f1/Unity.app/Contents/MonoBleedingEdge/lib/mono/unityjit-macos'
Mono config path = '/Applications/Unity/Hub/Editor/2021.3.24f1/Unity.app/Contents/MonoBleedingEdge/etc'
Using monoOptions --debugger-agent=transport=dt_socket,embedding=1,server=y,suspend=n,address=127.0.0.1:56366
Begin MonoManager ReloadAssembly
Registering precompiled unity dll's ...
Register platform support module: /Applications/Unity/Hub/Editor/2021.3.24f1/PlaybackEngines/WebGLSupport/UnityEditor.WebGL.Extensions.dll
Register platform support module: /Applications/Unity/Hub/Editor/2021.3.24f1/Unity.app/Contents/PlaybackEngines/MacStandaloneSupport/UnityEditor.OSXStandalone.Extensions.dll
Registered in 0.000557 seconds.
Native extension for OSXStandalone target not found
Native extension for WebGL target not found
Refreshing native plugins compatible for Editor in 54.62 ms, found 2 plugins.
Preloading 0 native plugins for Editor in 0.00 ms.
Mono: successfully reloaded assembly
- Completed reload, in  0.342 seconds
Domain Reload Profiling:
	ReloadAssembly (343ms)
		BeginReloadAssembly (38ms)
			ExecutionOrderSort (0ms)
			DisableScriptedObjects (0ms)
			BackupInstance (0ms)
			ReleaseScriptingObjects (0ms)
			CreateAndSetChildDomain (0ms)
		EndReloadAssembly (254ms)
			LoadAssemblies (38ms)
			RebuildTransferFunctionScriptingTraits (0ms)
			SetupTypeCache (62ms)
			ReleaseScriptCaches (0ms)
			RebuildScriptCaches (18ms)
			SetupLoadedEditorAssemblies (150ms)
				LogAssemblyErrors (0ms)
				InitializePlatformSupportModulesInManaged (4ms)
				SetLoadedEditorAssemblies (0ms)
				RefreshPlugins (55ms)
				BeforeProcessingInitializeOnLoad (1ms)
				ProcessInitializeOnLoadAttributes (70ms)
				ProcessInitializeOnLoadMethodAttributes (22ms)
				AfterProcessingInitializeOnLoad (0ms)
				EditorAssembliesLoaded (0ms)
			ExecutionOrderSort2 (0ms)
			AwakeInstancesAfterBackupRestoration (0ms)
Platform modules already initialized, skipping
Registering precompiled user dll's ...
Registered in 0.001270 seconds.
Begin MonoManager ReloadAssembly
Symbol file LoadedFromMemory doesn't match image /Users/kqlqk/Desktop/Unity-project/Library/PackageCache/com.unity.visualscripting@1.8.0/Editor/VisualScripting.Core/Dependencies/YamlDotNet/Unity.VisualScripting.YamlDotNet.dll
Symbol file LoadedFromMemory doesn't match image /Users/kqlqk/Desktop/Unity-project/Library/PackageCache/com.unity.visualscripting@1.8.0/Editor/VisualScripting.Core/Dependencies/DotNetZip/Unity.VisualScripting.IonicZip.dll
Native extension for OSXStandalone target not found
Native extension for WebGL target not found
Refreshing native plugins compatible for Editor in 0.27 ms, found 2 plugins.
Preloading 0 native plugins for Editor in 0.00 ms.
Mono: successfully reloaded assembly
- Completed reload, in  0.533 seconds
Domain Reload Profiling:
	ReloadAssembly (533ms)
		BeginReloadAssembly (60ms)
			ExecutionOrderSort (0ms)
			DisableScriptedObjects (3ms)
			BackupInstance (0ms)
			ReleaseScriptingObjects (0ms)
			CreateAndSetChildDomain (15ms)
		EndReloadAssembly (416ms)
			LoadAssemblies (40ms)
			RebuildTransferFunctionScriptingTraits (0ms)
			SetupTypeCache (155ms)
			ReleaseScriptCaches (0ms)
			RebuildScriptCaches (31ms)
			SetupLoadedEditorAssemblies (174ms)
				LogAssemblyErrors (0ms)
				InitializePlatformSupportModulesInManaged (2ms)
				SetLoadedEditorAssemblies (0ms)
				RefreshPlugins (0ms)
				BeforeProcessingInitializeOnLoad (45ms)
				ProcessInitializeOnLoadAttributes (116ms)
				ProcessInitializeOnLoadMethodAttributes (9ms)
				AfterProcessingInitializeOnLoad (1ms)
				EditorAssembliesLoaded (0ms)
			ExecutionOrderSort2 (0ms)
			AwakeInstancesAfterBackupRestoration (2ms)
Platform modules already initialized, skipping
========================================================================
Worker process is ready to serve import requests
Launching external process: /Applications/Unity/Hub/Editor/2021.3.24f1/Unity.app/Contents/Tools/UnityShaderCompiler
Launched and connected shader compiler UnityShaderCompiler after 0.05 seconds
Refreshing native plugins compatible for Editor in 0.27 ms, found 2 plugins.
Preloading 0 native plugins for Editor in 0.00 ms.
Unloading 3050 Unused Serialized files (Serialized files now loaded: 0)
Unloading 23 unused Assets / (65.9 KB). Loaded Objects now: 3512.
Memory consumption went from 102.4 MB to 102.3 MB.
Total: 2.141792 ms (FindLiveObjects: 0.111209 ms CreateObjectMapping: 0.043208 ms MarkObjects: 1.938917 ms  DeleteObjects: 0.048292 ms)

AssetImportParameters requested are different than current active one (requested -> active):
  custom:video-decoder-ogg-theora: a1e56fd34408186e4bbccfd4996cb3dc -> 
  custom:container-muxer-webm: aa71ff27fc2769a1b78a27578f13a17b -> 
  custom:container-demuxer-webm: 4f35f7cbe854078d1ac9338744f61a02 -> 
  custom:video-encoder-webm-vp8: eb34c28f22e8b96e1ab97ce403110664 -> 
  custom:framework-osx-AVFoundation: e770b220cccbd017edd2c1fefb359320 -> 
  custom:audio-encoder-webm-vorbis: bf7c407c2cedff20999df2af8eb42d56 -> 
  custom:container-demuxer-ogg: 62fdf1f143b41e24485cea50d1cbac27 -> 
  custom:video-decoder-webm-vp8: 9c59270c3fd7afecdb556c50c9e8de78 -> 
  custom:audio-decoder-ogg-vorbis: bf7c407c2cedff20999df2af8eb42d56 -> 
========================================================================
Received Import Request.
  Time since last request: 17518.465244 seconds.
  path: Assets/images/levelsmenu.png
  artifactKey: Guid(b460929f11bc928408f0c806bce1b7a6) Importer(815301076,1909f56bfc062723c751e8b465ee728b)
Start importing Assets/images/levelsmenu.png using Guid(b460929f11bc928408f0c806bce1b7a6) Importer(815301076,1909f56bfc062723c751e8b465ee728b)  -> (artifact id: 'c188d50461afe13e3dbe891529545370') in 0.333641 seconds 
========================================================================
Received Import Request.
  Time since last request: 0.000098 seconds.
  path: Assets/images/level 4.png
  artifactKey: Guid(79058115ff03dc8429fa620cda6b09a6) Importer(815301076,1909f56bfc062723c751e8b465ee728b)
Start importing Assets/images/level 4.png using Guid(79058115ff03dc8429fa620cda6b09a6) Importer(815301076,1909f56bfc062723c751e8b465ee728b)  -> (artifact id: '2706f31f8252d89a8884e1698d98073c') in 0.009362 seconds 
========================================================================
Received Import Request.
  Time since last request: 0.000062 seconds.
  path: Assets/images/button123.png
  artifactKey: Guid(977089be4499e404698d24ea5c5b2818) Importer(815301076,1909f56bfc062723c751e8b465ee728b)
Start importing Assets/images/button123.png using Guid(977089be4499e404698d24ea5c5b2818) Importer(815301076,1909f56bfc062723c751e8b465ee728b)  -> (artifact id: '75b13dd6a831162f2aaa607d102493f0') in 0.004172 seconds 
========================================================================
Received Import Request.
  Time since last request: 0.000217 seconds.
  path: Assets/images/SETTINGS.png
  artifactKey: Guid(5de02e91f7ccd1f479f74d0cd169b9ca) Importer(815301076,1909f56bfc062723c751e8b465ee728b)
Start importing Assets/images/SETTINGS.png using Guid(5de02e91f7ccd1f479f74d0cd169b9ca) Importer(815301076,1909f56bfc062723c751e8b465ee728b)  -> (artifact id: '9fcc9c15e2bbd6b608074365efb6d56a') in 0.004270 seconds 
========================================================================
Received Import Request.
  Time since last request: 0.000057 seconds.
  path: Assets/images/back.png
  artifactKey: Guid(1492a336ec3b31c43a601737523516b6) Importer(815301076,1909f56bfc062723c751e8b465ee728b)
Start importing Assets/images/back.png using Guid(1492a336ec3b31c43a601737523516b6) Importer(815301076,1909f56bfc062723c751e8b465ee728b)  -> (artifact id: '1273d16c9dc59675ce54f98afb0d1884') in 0.007079 seconds 
========================================================================
Received Import Request.
  Time since last request: 0.000087 seconds.
  path: Assets/images/button2.png
  artifactKey: Guid(341be861b3395e24da4476a4caa1577a) Importer(815301076,1909f56bfc062723c751e8b465ee728b)
Start importing Assets/images/button2.png using Guid(341be861b3395e24da4476a4caa1577a) Importer(815301076,1909f56bfc062723c751e8b465ee728b)  -> (artifact id: 'f1e34c9a7f9edd49497147b78aefbf22') in 0.003979 seconds 
========================================================================
Received Import Request.
  Time since last request: 0.000066 seconds.
  path: Assets/images
  artifactKey: Guid(cb0dbf3c15a9b2d4e8893a8fd772fa54) Importer(815301076,1909f56bfc062723c751e8b465ee728b)
Start importing Assets/images using Guid(cb0dbf3c15a9b2d4e8893a8fd772fa54) Importer(815301076,1909f56bfc062723c751e8b465ee728b)  -> (artifact id: 'd8f0e10fbcd49c55d1e961b62395174e') in 0.000397 seconds 
========================================================================
Received Import Request.
  Time since last request: 0.000038 seconds.
  path: Assets/images/EXIT.png
  artifactKey: Guid(b948fdd2327c2354893dccbe4184195c) Importer(815301076,1909f56bfc062723c751e8b465ee728b)
Start importing Assets/images/EXIT.png using Guid(b948fdd2327c2354893dccbe4184195c) Importer(815301076,1909f56bfc062723c751e8b465ee728b)  -> (artifact id: '7601fe70708c57dd948ee8e4c9293abc') in 0.004703 seconds 
========================================================================
Received Import Request.
  Time since last request: 0.000037 seconds.
  path: Assets/images/background.png
  artifactKey: Guid(238938e3dcbea274384388fbac48731c) Importer(815301076,1909f56bfc062723c751e8b465ee728b)
Start importing Assets/images/background.png using Guid(238938e3dcbea274384388fbac48731c) Importer(815301076,1909f56bfc062723c751e8b465ee728b)  -> (artifact id: '820ad159f893d547f300e2711f9c5ae0') in 0.081499 seconds 
========================================================================
Received Import Request.
  Time since last request: 0.000231 seconds.
  path: Assets/images/menuImage.png
  artifactKey: Guid(95babae8c6fa02342bffc5e608d861dc) Importer(815301076,1909f56bfc062723c751e8b465ee728b)
Start importing Assets/images/menuImage.png using Guid(95babae8c6fa02342bffc5e608d861dc) Importer(815301076,1909f56bfc062723c751e8b465ee728b)  -> (artifact id: '0efe5e47f3e084462a26dbae08f8e6ef') in 0.004326 seconds 
========================================================================
Received Import Request.
  Time since last request: 0.000171 seconds.
  path: Assets/images/START.png
  artifactKey: Guid(f305c80a467f64b4989df6e78f44d223) Importer(815301076,1909f56bfc062723c751e8b465ee728b)
Start importing Assets/images/START.png using Guid(f305c80a467f64b4989df6e78f44d223) Importer(815301076,1909f56bfc062723c751e8b465ee728b)  -> (artifact id: '09211725c659b6b992f20784c8ddb535') in 0.007966 seconds 
Editor requested this worker to shutdown with reason: Scaling down because of idle timeout
AssetImportWorker is now disconnected from the server
Process exiting
