Using pre-set license
Built from '2021.3/staging' branch; Version is '2021.3.24f1 (cf10dcf7010d) revision 13570268'; Using compiler version '192829333'; Build Type 'Release'
OS: 'Windows 10  (10.0.19044) 64bit Professional' Language: 'ru' Physical Memory: 16305 MB
BatchMode: 1, IsHumanControllingUs: 0, StartBugReporterOnCrash: 0, Is64bit: 1, IsPro: 1

COMMAND LINE ARGUMENTS:
D:\unity\2021.3.24f1\Editor\Unity.exe
-adb2
-batchMode
-noUpm
-name
AssetImportWorker4
-projectPath
C:/Users/gurin/Unity-Project
-logFile
Logs/AssetImportWorker4.log
-srvPort
57606
Successfully changed project path to: C:/Users/gurin/Unity-Project
C:/Users/gurin/Unity-Project
[UnityMemory] Configuration Parameters - Can be set up in boot.config
    "memorysetup-bucket-allocator-granularity=16"
    "memorysetup-bucket-allocator-bucket-count=8"
    "memorysetup-bucket-allocator-block-size=33554432"
    "memorysetup-bucket-allocator-block-count=8"
    "memorysetup-main-allocator-block-size=16777216"
    "memorysetup-thread-allocator-block-size=16777216"
    "memorysetup-gfx-main-allocator-block-size=16777216"
    "memorysetup-gfx-thread-allocator-block-size=16777216"
    "memorysetup-cache-allocator-block-size=4194304"
    "memorysetup-typetree-allocator-block-size=2097152"
    "memorysetup-profiler-bucket-allocator-granularity=16"
    "memorysetup-profiler-bucket-allocator-bucket-count=8"
    "memorysetup-profiler-bucket-allocator-block-size=33554432"
    "memorysetup-profiler-bucket-allocator-block-count=8"
    "memorysetup-profiler-allocator-block-size=16777216"
    "memorysetup-profiler-editor-allocator-block-size=1048576"
    "memorysetup-temp-allocator-size-main=16777216"
    "memorysetup-job-temp-allocator-block-size=2097152"
    "memorysetup-job-temp-allocator-block-size-background=1048576"
    "memorysetup-job-temp-allocator-reduction-small-platforms=262144"
    "memorysetup-temp-allocator-size-background-worker=32768"
    "memorysetup-temp-allocator-size-job-worker=262144"
    "memorysetup-temp-allocator-size-preload-manager=33554432"
    "memorysetup-temp-allocator-size-nav-mesh-worker=65536"
    "memorysetup-temp-allocator-size-audio-worker=65536"
    "memorysetup-temp-allocator-size-cloud-worker=32768"
    "memorysetup-temp-allocator-size-gi-baking-worker=262144"
    "memorysetup-temp-allocator-size-gfx=262144"
Player connection [21548] Host "[IP] 192.168.100.10 [Port] 0 [Flags] 2 [Guid] 228468575 [EditorId] 228468575 [Version] 1048832 [Id] WindowsEditor(7,DESKTOP-ROJTFFN) [Debug] 1 [PackageName] WindowsEditor [ProjectName] Editor" joined multi-casting on [225.0.0.222:54997]...

Player connection [21548] Host "[IP] 192.168.100.10 [Port] 0 [Flags] 2 [Guid] 228468575 [EditorId] 228468575 [Version] 1048832 [Id] WindowsEditor(7,DESKTOP-ROJTFFN) [Debug] 1 [PackageName] WindowsEditor [ProjectName] Editor" joined alternative multi-casting on [225.0.0.222:34997]...

Refreshing native plugins compatible for Editor in 75.64 ms, found 3 plugins.
Preloading 0 native plugins for Editor in 0.00 ms.
Initialize engine version: 2021.3.24f1 (cf10dcf7010d)
[Subsystems] Discovering subsystems at path D:/unity/2021.3.24f1/Editor/Data/Resources/UnitySubsystems
[Subsystems] Discovering subsystems at path C:/Users/gurin/Unity-Project/Assets
GfxDevice: creating device client; threaded=0; jobified=0
Direct3D:
    Version:  Direct3D 11.0 [level 11.1]
    Renderer: NVIDIA GeForce GTX 1660 SUPER (ID=0x21c4)
    Vendor:   NVIDIA
    VRAM:     5980 MB
    Driver:   31.0.15.2698
Initialize mono
Mono path[0] = 'D:/unity/2021.3.24f1/Editor/Data/Managed'
Mono path[1] = 'D:/unity/2021.3.24f1/Editor/Data/MonoBleedingEdge/lib/mono/unityjit-win32'
Mono config path = 'D:/unity/2021.3.24f1/Editor/Data/MonoBleedingEdge/etc'
Using monoOptions --debugger-agent=transport=dt_socket,embedding=1,server=y,suspend=n,address=127.0.0.1:56460
Begin MonoManager ReloadAssembly
Registering precompiled unity dll's ...
Register platform support module: D:/unity/2021.3.24f1/Editor/Data/PlaybackEngines/WindowsStandaloneSupport/UnityEditor.WindowsStandalone.Extensions.dll
Registered in 0.002660 seconds.
Native extension for WindowsStandalone target not found
Refreshing native plugins compatible for Editor in 74.72 ms, found 3 plugins.
Preloading 0 native plugins for Editor in 0.00 ms.
Mono: successfully reloaded assembly
- Completed reload, in  0.658 seconds
Domain Reload Profiling:
	ReloadAssembly (659ms)
		BeginReloadAssembly (96ms)
			ExecutionOrderSort (0ms)
			DisableScriptedObjects (0ms)
			BackupInstance (0ms)
			ReleaseScriptingObjects (0ms)
			CreateAndSetChildDomain (1ms)
		EndReloadAssembly (469ms)
			LoadAssemblies (96ms)
			RebuildTransferFunctionScriptingTraits (0ms)
			SetupTypeCache (111ms)
			ReleaseScriptCaches (0ms)
			RebuildScriptCaches (29ms)
			SetupLoadedEditorAssemblies (280ms)
				LogAssemblyErrors (0ms)
				InitializePlatformSupportModulesInManaged (6ms)
				SetLoadedEditorAssemblies (0ms)
				RefreshPlugins (75ms)
				BeforeProcessingInitializeOnLoad (1ms)
				ProcessInitializeOnLoadAttributes (145ms)
				ProcessInitializeOnLoadMethodAttributes (52ms)
				AfterProcessingInitializeOnLoad (0ms)
				EditorAssembliesLoaded (0ms)
			ExecutionOrderSort2 (0ms)
			AwakeInstancesAfterBackupRestoration (0ms)
Platform modules already initialized, skipping
Registering precompiled user dll's ...
Registered in 0.005274 seconds.
Begin MonoManager ReloadAssembly
Symbol file LoadedFromMemory doesn't match image C:\Users\gurin\Unity-Project\Library\PackageCache\com.unity.visualscripting@1.8.0\Editor\VisualScripting.Core\Dependencies\YamlDotNet\Unity.VisualScripting.YamlDotNet.dll
Symbol file LoadedFromMemory doesn't match image C:\Users\gurin\Unity-Project\Library\PackageCache\com.unity.visualscripting@1.8.0\Editor\VisualScripting.Core\Dependencies\DotNetZip\Unity.VisualScripting.IonicZip.dll
Native extension for WindowsStandalone target not found
Refreshing native plugins compatible for Editor in 0.42 ms, found 3 plugins.
Preloading 0 native plugins for Editor in 0.00 ms.
Mono: successfully reloaded assembly
- Completed reload, in  0.972 seconds
Domain Reload Profiling:
	ReloadAssembly (973ms)
		BeginReloadAssembly (131ms)
			ExecutionOrderSort (0ms)
			DisableScriptedObjects (6ms)
			BackupInstance (0ms)
			ReleaseScriptingObjects (0ms)
			CreateAndSetChildDomain (18ms)
		EndReloadAssembly (743ms)
			LoadAssemblies (97ms)
			RebuildTransferFunctionScriptingTraits (0ms)
			SetupTypeCache (264ms)
			ReleaseScriptCaches (0ms)
			RebuildScriptCaches (47ms)
			SetupLoadedEditorAssemblies (325ms)
				LogAssemblyErrors (0ms)
				InitializePlatformSupportModulesInManaged (4ms)
				SetLoadedEditorAssemblies (0ms)
				RefreshPlugins (0ms)
				BeforeProcessingInitializeOnLoad (76ms)
				ProcessInitializeOnLoadAttributes (221ms)
				ProcessInitializeOnLoadMethodAttributes (20ms)
				AfterProcessingInitializeOnLoad (3ms)
				EditorAssembliesLoaded (0ms)
			ExecutionOrderSort2 (0ms)
			AwakeInstancesAfterBackupRestoration (6ms)
Platform modules already initialized, skipping
========================================================================
Worker process is ready to serve import requests
Launched and connected shader compiler UnityShaderCompiler.exe after 0.05 seconds
Refreshing native plugins compatible for Editor in 0.68 ms, found 3 plugins.
Preloading 0 native plugins for Editor in 0.00 ms.
Unloading 3049 Unused Serialized files (Serialized files now loaded: 0)
Unloading 23 unused Assets / (87.7 KB). Loaded Objects now: 3511.
Memory consumption went from 107.6 MB to 107.5 MB.
Total: 2.558900 ms (FindLiveObjects: 0.257000 ms CreateObjectMapping: 0.181100 ms MarkObjects: 2.049800 ms  DeleteObjects: 0.069800 ms)

AssetImportParameters requested are different than current active one (requested -> active):
  custom:video-decoder-ogg-theora: a1e56fd34408186e4bbccfd4996cb3dc -> 
  custom:container-muxer-webm: aa71ff27fc2769a1b78a27578f13a17b -> 
  custom:container-demuxer-webm: 4f35f7cbe854078d1ac9338744f61a02 -> 
  custom:video-encoder-webm-vp8: eb34c28f22e8b96e1ab97ce403110664 -> 
  custom:audio-encoder-webm-vorbis: bf7c407c2cedff20999df2af8eb42d56 -> 
  custom:framework-win-MediaFoundation: 216162199b28c13a410421893ffa2e32 -> 
  custom:container-demuxer-ogg: 62fdf1f143b41e24485cea50d1cbac27 -> 
  custom:video-decoder-webm-vp8: 9c59270c3fd7afecdb556c50c9e8de78 -> 
  custom:audio-decoder-ogg-vorbis: bf7c407c2cedff20999df2af8eb42d56 -> 
========================================================================
Received Import Request.
  Time since last request: 16243.228472 seconds.
  path: Assets/images/START.png
  artifactKey: Guid(f305c80a467f64b4989df6e78f44d223) Importer(815301076,1909f56bfc062723c751e8b465ee728b)
Start importing Assets/images/START.png using Guid(f305c80a467f64b4989df6e78f44d223) Importer(815301076,1909f56bfc062723c751e8b465ee728b)  -> (artifact id: '56b4bfb143f4bc6bb9bb71f5383149ec') in 0.093911 seconds 
========================================================================
Received Import Request.
  Time since last request: 256.874236 seconds.
  path: Assets/images/background.png
  artifactKey: Guid(238938e3dcbea274384388fbac48731c) Importer(815301076,1909f56bfc062723c751e8b465ee728b)
Start importing Assets/images/background.png using Guid(238938e3dcbea274384388fbac48731c) Importer(815301076,1909f56bfc062723c751e8b465ee728b)  -> (artifact id: 'f84a83df5a8d05e0e8911a5395c3f412') in 0.017229 seconds 
========================================================================
Received Import Request.
  Time since last request: 24.522711 seconds.
  path: Assets/images/background.png
  artifactKey: Guid(238938e3dcbea274384388fbac48731c) Importer(815301076,1909f56bfc062723c751e8b465ee728b)
Start importing Assets/images/background.png using Guid(238938e3dcbea274384388fbac48731c) Importer(815301076,1909f56bfc062723c751e8b465ee728b)  -> (artifact id: 'c3efb50f8458d9516d5c2d28e0032fcf') in 0.273032 seconds 
========================================================================
Received Import Request.
  Time since last request: 357.478673 seconds.
  path: Assets/images/LEVELS.png
  artifactKey: Guid(2d3ef11cbb6d6ef40a2e4d3e25b808b2) Importer(815301076,1909f56bfc062723c751e8b465ee728b)
Start importing Assets/images/LEVELS.png using Guid(2d3ef11cbb6d6ef40a2e4d3e25b808b2) Importer(815301076,1909f56bfc062723c751e8b465ee728b)  -> (artifact id: '3e8dac2eebbbb2eed3261a4fcfa9a6bd') in 0.166293 seconds 
========================================================================
Received Import Request.
  Time since last request: 153.589332 seconds.
  path: Assets/images/settings1.png
  artifactKey: Guid(f172365823237fd449b29cf884653c21) Importer(815301076,1909f56bfc062723c751e8b465ee728b)
Start importing Assets/images/settings1.png using Guid(f172365823237fd449b29cf884653c21) Importer(815301076,1909f56bfc062723c751e8b465ee728b)  -> (artifact id: '30a9182babf04de8ec01b717e54407e6') in 0.012090 seconds 
========================================================================
Received Import Request.
  Time since last request: 12.983128 seconds.
  path: Assets/images/settings1.png
  artifactKey: Guid(f172365823237fd449b29cf884653c21) Importer(815301076,1909f56bfc062723c751e8b465ee728b)
Start importing Assets/images/settings1.png using Guid(f172365823237fd449b29cf884653c21) Importer(815301076,1909f56bfc062723c751e8b465ee728b)  -> (artifact id: '8b4ee12ac2bbf52a94ec90ef59a9339e') in 0.033985 seconds 
========================================================================
Received Import Request.
  Time since last request: 48.851013 seconds.
  path: Assets/images/QUIT.png
  artifactKey: Guid(5ff11f09a72e0d940989f1035385c9cc) Importer(815301076,1909f56bfc062723c751e8b465ee728b)
Start importing Assets/images/QUIT.png using Guid(5ff11f09a72e0d940989f1035385c9cc) Importer(815301076,1909f56bfc062723c751e8b465ee728b)  -> (artifact id: '701310b0d4fa8d68f3fa255153c2a193') in 0.024552 seconds 
========================================================================
Received Import Request.
  Time since last request: 551.128453 seconds.
  path: Assets/images/levels123.png
  artifactKey: Guid(70bce3308c7057c4f8fb70651d8fe1a9) Importer(815301076,1909f56bfc062723c751e8b465ee728b)
Start importing Assets/images/levels123.png using Guid(70bce3308c7057c4f8fb70651d8fe1a9) Importer(815301076,1909f56bfc062723c751e8b465ee728b)  -> (artifact id: '92ff49c369ebac227e653117d2e4ed5a') in 0.014532 seconds 
========================================================================
Received Import Request.
  Time since last request: 13.031857 seconds.
  path: Assets/images/levels123.png
  artifactKey: Guid(70bce3308c7057c4f8fb70651d8fe1a9) Importer(815301076,1909f56bfc062723c751e8b465ee728b)
Start importing Assets/images/levels123.png using Guid(70bce3308c7057c4f8fb70651d8fe1a9) Importer(815301076,1909f56bfc062723c751e8b465ee728b)  -> (artifact id: '0be7ab20dcbe5d4123c0e453e156c348') in 0.027704 seconds 
========================================================================
Received Import Request.
  Time since last request: 359.463762 seconds.
  path: Assets/images/levelsmenu.png
  artifactKey: Guid(b460929f11bc928408f0c806bce1b7a6) Importer(815301076,1909f56bfc062723c751e8b465ee728b)
Start importing Assets/images/levelsmenu.png using Guid(b460929f11bc928408f0c806bce1b7a6) Importer(815301076,1909f56bfc062723c751e8b465ee728b)  -> (artifact id: '57917ce051b1c0f97f82ed6d7302fca6') in 0.021356 seconds 
========================================================================
Received Import Request.
  Time since last request: 6.854579 seconds.
  path: Assets/images/levelsmenu.png
  artifactKey: Guid(b460929f11bc928408f0c806bce1b7a6) Importer(815301076,1909f56bfc062723c751e8b465ee728b)
Start importing Assets/images/levelsmenu.png using Guid(b460929f11bc928408f0c806bce1b7a6) Importer(815301076,1909f56bfc062723c751e8b465ee728b)  -> (artifact id: '024908d9d8efb3b62bf297c1f7dc8938') in 0.178853 seconds 
========================================================================
Received Import Request.
  Time since last request: 146.462222 seconds.
  path: Assets/images/level 1.png
  artifactKey: Guid(c10c02928912b4347b4691befaaa4f3e) Importer(815301076,1909f56bfc062723c751e8b465ee728b)
Start importing Assets/images/level 1.png using Guid(c10c02928912b4347b4691befaaa4f3e) Importer(815301076,1909f56bfc062723c751e8b465ee728b)  -> (artifact id: 'a2a676a7b4c9512907dfe157ee4eecb4') in 0.026434 seconds 
========================================================================
Received Import Request.
  Time since last request: 3.445188 seconds.
  path: Assets/images/level 2.png
  artifactKey: Guid(5dd2d4206e48a8e4cb6c4d514e246b2b) Importer(815301076,1909f56bfc062723c751e8b465ee728b)
Start importing Assets/images/level 2.png using Guid(5dd2d4206e48a8e4cb6c4d514e246b2b) Importer(815301076,1909f56bfc062723c751e8b465ee728b)  -> (artifact id: '1b43fb481c278d3cddce921b2d019135') in 0.023150 seconds 
========================================================================
Received Import Request.
  Time since last request: 4.386058 seconds.
  path: Assets/images/level 3.png
  artifactKey: Guid(bc7bde88b396a754e829975bf09d8b14) Importer(815301076,1909f56bfc062723c751e8b465ee728b)
Start importing Assets/images/level 3.png using Guid(bc7bde88b396a754e829975bf09d8b14) Importer(815301076,1909f56bfc062723c751e8b465ee728b)  -> (artifact id: '6958a0eae0102d5379f9cf6c3d7e774e') in 0.021233 seconds 
========================================================================
Received Import Request.
  Time since last request: 5.103027 seconds.
  path: Assets/images/level 4.png
  artifactKey: Guid(79058115ff03dc8429fa620cda6b09a6) Importer(815301076,1909f56bfc062723c751e8b465ee728b)
Start importing Assets/images/level 4.png using Guid(79058115ff03dc8429fa620cda6b09a6) Importer(815301076,1909f56bfc062723c751e8b465ee728b)  -> (artifact id: '92bcf4e55a1086ed7af9f1c27f4c1f3f') in 0.023804 seconds 
========================================================================
Received Import Request.
  Time since last request: 3.608222 seconds.
  path: Assets/images/level 5.png
  artifactKey: Guid(d5ff7ae7c0e348443b915119c3ca2da5) Importer(815301076,1909f56bfc062723c751e8b465ee728b)
Start importing Assets/images/level 5.png using Guid(d5ff7ae7c0e348443b915119c3ca2da5) Importer(815301076,1909f56bfc062723c751e8b465ee728b)  -> (artifact id: '0fd76928675508aaa712018d7635b3e6') in 0.017674 seconds 
========================================================================
Received Import Request.
  Time since last request: 275.519335 seconds.
  path: Assets/images/back.png
  artifactKey: Guid(1492a336ec3b31c43a601737523516b6) Importer(815301076,1909f56bfc062723c751e8b465ee728b)
Start importing Assets/images/back.png using Guid(1492a336ec3b31c43a601737523516b6) Importer(815301076,1909f56bfc062723c751e8b465ee728b)  -> (artifact id: '426e0310181d9e93234ae1c098b16a38') in 0.016404 seconds 
========================================================================
Received Import Request.
  Time since last request: 10.169677 seconds.
  path: Assets/images/back.png
  artifactKey: Guid(1492a336ec3b31c43a601737523516b6) Importer(815301076,1909f56bfc062723c751e8b465ee728b)
Start importing Assets/images/back.png using Guid(1492a336ec3b31c43a601737523516b6) Importer(815301076,1909f56bfc062723c751e8b465ee728b)  -> (artifact id: 'f2127936c81a3c9c6cf7c6454407e3c1') in 0.016841 seconds 
========================================================================
Received Prepare
Registering precompiled user dll's ...
Registered in 0.005131 seconds.
Begin MonoManager ReloadAssembly
Symbol file LoadedFromMemory doesn't match image C:\Users\gurin\Unity-Project\Library\PackageCache\com.unity.visualscripting@1.8.0\Editor\VisualScripting.Core\Dependencies\YamlDotNet\Unity.VisualScripting.YamlDotNet.dll
Symbol file LoadedFromMemory doesn't match image C:\Users\gurin\Unity-Project\Library\PackageCache\com.unity.visualscripting@1.8.0\Editor\VisualScripting.Core\Dependencies\DotNetZip\Unity.VisualScripting.IonicZip.dll
Native extension for WindowsStandalone target not found
Refreshing native plugins compatible for Editor in 0.47 ms, found 3 plugins.
Preloading 0 native plugins for Editor in 0.00 ms.
Mono: successfully reloaded assembly
- Completed reload, in  1.004 seconds
Domain Reload Profiling:
	ReloadAssembly (1005ms)
		BeginReloadAssembly (175ms)
			ExecutionOrderSort (0ms)
			DisableScriptedObjects (6ms)
			BackupInstance (0ms)
			ReleaseScriptingObjects (0ms)
			CreateAndSetChildDomain (46ms)
		EndReloadAssembly (743ms)
			LoadAssemblies (106ms)
			RebuildTransferFunctionScriptingTraits (0ms)
			SetupTypeCache (277ms)
			ReleaseScriptCaches (1ms)
			RebuildScriptCaches (41ms)
			SetupLoadedEditorAssemblies (308ms)
				LogAssemblyErrors (0ms)
				InitializePlatformSupportModulesInManaged (5ms)
				SetLoadedEditorAssemblies (0ms)
				RefreshPlugins (1ms)
				BeforeProcessingInitializeOnLoad (62ms)
				ProcessInitializeOnLoadAttributes (220ms)
				ProcessInitializeOnLoadMethodAttributes (19ms)
				AfterProcessingInitializeOnLoad (3ms)
				EditorAssembliesLoaded (0ms)
			ExecutionOrderSort2 (0ms)
			AwakeInstancesAfterBackupRestoration (7ms)
Platform modules already initialized, skipping
Refreshing native plugins compatible for Editor in 1.88 ms, found 3 plugins.
Preloading 0 native plugins for Editor in 0.00 ms.
Unloading 3043 Unused Serialized files (Serialized files now loaded: 0)
Unloading 16 unused Assets / (54.0 KB). Loaded Objects now: 3526.
Memory consumption went from 111.8 MB to 111.7 MB.
Total: 2.697200 ms (FindLiveObjects: 0.204500 ms CreateObjectMapping: 0.155000 ms MarkObjects: 2.275900 ms  DeleteObjects: 0.060800 ms)

AssetImportParameters requested are different than current active one (requested -> active):
  custom:video-decoder-ogg-theora: a1e56fd34408186e4bbccfd4996cb3dc -> 
  custom:container-muxer-webm: aa71ff27fc2769a1b78a27578f13a17b -> 
  custom:container-demuxer-webm: 4f35f7cbe854078d1ac9338744f61a02 -> 
  custom:video-encoder-webm-vp8: eb34c28f22e8b96e1ab97ce403110664 -> 
  custom:audio-encoder-webm-vorbis: bf7c407c2cedff20999df2af8eb42d56 -> 
  custom:framework-win-MediaFoundation: 216162199b28c13a410421893ffa2e32 -> 
  custom:container-demuxer-ogg: 62fdf1f143b41e24485cea50d1cbac27 -> 
  custom:video-decoder-webm-vp8: 9c59270c3fd7afecdb556c50c9e8de78 -> 
  custom:audio-decoder-ogg-vorbis: bf7c407c2cedff20999df2af8eb42d56 -> 
========================================================================
Received Prepare
Registering precompiled user dll's ...
Registered in 0.005033 seconds.
Begin MonoManager ReloadAssembly
Symbol file LoadedFromMemory doesn't match image C:\Users\gurin\Unity-Project\Library\PackageCache\com.unity.visualscripting@1.8.0\Editor\VisualScripting.Core\Dependencies\YamlDotNet\Unity.VisualScripting.YamlDotNet.dll
Symbol file LoadedFromMemory doesn't match image C:\Users\gurin\Unity-Project\Library\PackageCache\com.unity.visualscripting@1.8.0\Editor\VisualScripting.Core\Dependencies\DotNetZip\Unity.VisualScripting.IonicZip.dll
Native extension for WindowsStandalone target not found
Refreshing native plugins compatible for Editor in 0.46 ms, found 3 plugins.
Preloading 0 native plugins for Editor in 0.00 ms.
Mono: successfully reloaded assembly
- Completed reload, in  0.994 seconds
Domain Reload Profiling:
	ReloadAssembly (995ms)
		BeginReloadAssembly (152ms)
			ExecutionOrderSort (0ms)
			DisableScriptedObjects (6ms)
			BackupInstance (0ms)
			ReleaseScriptingObjects (0ms)
			CreateAndSetChildDomain (32ms)
		EndReloadAssembly (750ms)
			LoadAssemblies (101ms)
			RebuildTransferFunctionScriptingTraits (0ms)
			SetupTypeCache (289ms)
			ReleaseScriptCaches (1ms)
			RebuildScriptCaches (42ms)
			SetupLoadedEditorAssemblies (298ms)
				LogAssemblyErrors (0ms)
				InitializePlatformSupportModulesInManaged (5ms)
				SetLoadedEditorAssemblies (1ms)
				RefreshPlugins (1ms)
				BeforeProcessingInitializeOnLoad (61ms)
				ProcessInitializeOnLoadAttributes (206ms)
				ProcessInitializeOnLoadMethodAttributes (22ms)
				AfterProcessingInitializeOnLoad (3ms)
				EditorAssembliesLoaded (0ms)
			ExecutionOrderSort2 (0ms)
			AwakeInstancesAfterBackupRestoration (6ms)
Platform modules already initialized, skipping
Refreshing native plugins compatible for Editor in 1.57 ms, found 3 plugins.
Preloading 0 native plugins for Editor in 0.00 ms.
Unloading 3043 Unused Serialized files (Serialized files now loaded: 0)
Unloading 16 unused Assets / (54.1 KB). Loaded Objects now: 3529.
Memory consumption went from 111.8 MB to 111.8 MB.
Total: 2.323300 ms (FindLiveObjects: 0.194800 ms CreateObjectMapping: 0.114100 ms MarkObjects: 1.959400 ms  DeleteObjects: 0.054000 ms)

AssetImportParameters requested are different than current active one (requested -> active):
  custom:video-decoder-ogg-theora: a1e56fd34408186e4bbccfd4996cb3dc -> 
  custom:container-muxer-webm: aa71ff27fc2769a1b78a27578f13a17b -> 
  custom:container-demuxer-webm: 4f35f7cbe854078d1ac9338744f61a02 -> 
  custom:video-encoder-webm-vp8: eb34c28f22e8b96e1ab97ce403110664 -> 
  custom:audio-encoder-webm-vorbis: bf7c407c2cedff20999df2af8eb42d56 -> 
  custom:framework-win-MediaFoundation: 216162199b28c13a410421893ffa2e32 -> 
  custom:container-demuxer-ogg: 62fdf1f143b41e24485cea50d1cbac27 -> 
  custom:video-decoder-webm-vp8: 9c59270c3fd7afecdb556c50c9e8de78 -> 
  custom:audio-decoder-ogg-vorbis: bf7c407c2cedff20999df2af8eb42d56 -> 
========================================================================
Received Prepare
Registering precompiled user dll's ...
Registered in 0.006673 seconds.
Begin MonoManager ReloadAssembly
Symbol file LoadedFromMemory doesn't match image C:\Users\gurin\Unity-Project\Library\PackageCache\com.unity.visualscripting@1.8.0\Editor\VisualScripting.Core\Dependencies\YamlDotNet\Unity.VisualScripting.YamlDotNet.dll
Symbol file LoadedFromMemory doesn't match image C:\Users\gurin\Unity-Project\Library\PackageCache\com.unity.visualscripting@1.8.0\Editor\VisualScripting.Core\Dependencies\DotNetZip\Unity.VisualScripting.IonicZip.dll
Native extension for WindowsStandalone target not found
Refreshing native plugins compatible for Editor in 0.77 ms, found 3 plugins.
Preloading 0 native plugins for Editor in 0.00 ms.
Mono: successfully reloaded assembly
- Completed reload, in  0.997 seconds
Domain Reload Profiling:
	ReloadAssembly (998ms)
		BeginReloadAssembly (148ms)
			ExecutionOrderSort (0ms)
			DisableScriptedObjects (6ms)
			BackupInstance (0ms)
			ReleaseScriptingObjects (0ms)
			CreateAndSetChildDomain (31ms)
		EndReloadAssembly (748ms)
			LoadAssemblies (97ms)
			RebuildTransferFunctionScriptingTraits (0ms)
			SetupTypeCache (281ms)
			ReleaseScriptCaches (1ms)
			RebuildScriptCaches (39ms)
			SetupLoadedEditorAssemblies (315ms)
				LogAssemblyErrors (0ms)
				InitializePlatformSupportModulesInManaged (6ms)
				SetLoadedEditorAssemblies (1ms)
				RefreshPlugins (1ms)
				BeforeProcessingInitializeOnLoad (62ms)
				ProcessInitializeOnLoadAttributes (220ms)
				ProcessInitializeOnLoadMethodAttributes (23ms)
				AfterProcessingInitializeOnLoad (3ms)
				EditorAssembliesLoaded (0ms)
			ExecutionOrderSort2 (0ms)
			AwakeInstancesAfterBackupRestoration (6ms)
Platform modules already initialized, skipping
Refreshing native plugins compatible for Editor in 1.62 ms, found 3 plugins.
Preloading 0 native plugins for Editor in 0.00 ms.
Unloading 3044 Unused Serialized files (Serialized files now loaded: 0)
Unloading 16 unused Assets / (54.1 KB). Loaded Objects now: 3533.
Memory consumption went from 111.8 MB to 111.8 MB.
Total: 3.467400 ms (FindLiveObjects: 0.221100 ms CreateObjectMapping: 0.134600 ms MarkObjects: 3.046000 ms  DeleteObjects: 0.064600 ms)

AssetImportParameters requested are different than current active one (requested -> active):
  custom:video-decoder-ogg-theora: a1e56fd34408186e4bbccfd4996cb3dc -> 
  custom:container-muxer-webm: aa71ff27fc2769a1b78a27578f13a17b -> 
  custom:container-demuxer-webm: 4f35f7cbe854078d1ac9338744f61a02 -> 
  custom:video-encoder-webm-vp8: eb34c28f22e8b96e1ab97ce403110664 -> 
  custom:audio-encoder-webm-vorbis: bf7c407c2cedff20999df2af8eb42d56 -> 
  custom:framework-win-MediaFoundation: 216162199b28c13a410421893ffa2e32 -> 
  custom:container-demuxer-ogg: 62fdf1f143b41e24485cea50d1cbac27 -> 
  custom:video-decoder-webm-vp8: 9c59270c3fd7afecdb556c50c9e8de78 -> 
  custom:audio-decoder-ogg-vorbis: bf7c407c2cedff20999df2af8eb42d56 -> 
========================================================================
Received Import Request.
  Time since last request: 663.865703 seconds.
  path: Assets/levelsmenu.png
  artifactKey: Guid(8c7b22f3d8341d44b80b8d4aae5c8e52) Importer(815301076,1909f56bfc062723c751e8b465ee728b)
Start importing Assets/levelsmenu.png using Guid(8c7b22f3d8341d44b80b8d4aae5c8e52) Importer(815301076,1909f56bfc062723c751e8b465ee728b)  -> (artifact id: '8f5a18a0ae32c0f5a5ba6ad05c62b0b2') in 0.043177 seconds 
========================================================================
Received Import Request.
  Time since last request: 1.800078 seconds.
  path: Assets/mainmenu.cs
  artifactKey: Guid(f82d376c0eb2a0441a925a3a0c39faa2) Importer(815301076,1909f56bfc062723c751e8b465ee728b)
Start importing Assets/mainmenu.cs using Guid(f82d376c0eb2a0441a925a3a0c39faa2) Importer(815301076,1909f56bfc062723c751e8b465ee728b)  -> (artifact id: '6ff61465d896c7ec4ae6ea3473b66c16') in 0.022481 seconds 
========================================================================
Received Import Request.
  Time since last request: 328.646798 seconds.
  path: Assets/mainmenu.cs
  artifactKey: Guid(f82d376c0eb2a0441a925a3a0c39faa2) Importer(815301076,1909f56bfc062723c751e8b465ee728b)
Start importing Assets/mainmenu.cs using Guid(f82d376c0eb2a0441a925a3a0c39faa2) Importer(815301076,1909f56bfc062723c751e8b465ee728b)  -> (artifact id: 'c92f1dcc3420d2e515aab0ecc733b3a4') in 0.001887 seconds 
