Unity Editor version:    2021.3.24f1 (cf10dcf7010d)
Branch:                  2021.3/staging
Build type:              Release
Batch mode:              YES
macOS version:           Version 13.3.1 (Build 22E261)
Darwin version:          22.4.0
Architecture:            arm64
Running under Rosetta:   NO
Available memory:        16384 MB
Using pre-set license
Pro License: YES

COMMAND LINE ARGUMENTS:
/Applications/Unity/Hub/Editor/2021.3.24f1/Unity.app/Contents/MacOS/Unity
-adb2
-batchMode
-noUpm
-name
AssetImportWorker5
-projectPath
/Users/kqlqk/Desktop/Unity-project
-logFile
Logs/AssetImportWorker5.log
-srvPort
55546
Successfully changed project path to: /Users/kqlqk/Desktop/Unity-project
/Users/kqlqk/Desktop/Unity-project
[UnityMemory] Configuration Parameters - Can be set up in boot.config
    "memorysetup-bucket-allocator-granularity=16"
    "memorysetup-bucket-allocator-bucket-count=8"
    "memorysetup-bucket-allocator-block-size=33554432"
    "memorysetup-bucket-allocator-block-count=8"
    "memorysetup-main-allocator-block-size=16777216"
    "memorysetup-thread-allocator-block-size=16777216"
    "memorysetup-gfx-main-allocator-block-size=16777216"
    "memorysetup-gfx-thread-allocator-block-size=16777216"
    "memorysetup-cache-allocator-block-size=4194304"
    "memorysetup-typetree-allocator-block-size=2097152"
    "memorysetup-profiler-bucket-allocator-granularity=16"
    "memorysetup-profiler-bucket-allocator-bucket-count=8"
    "memorysetup-profiler-bucket-allocator-block-size=33554432"
    "memorysetup-profiler-bucket-allocator-block-count=8"
    "memorysetup-profiler-allocator-block-size=16777216"
    "memorysetup-profiler-editor-allocator-block-size=1048576"
    "memorysetup-temp-allocator-size-main=16777216"
    "memorysetup-job-temp-allocator-block-size=2097152"
    "memorysetup-job-temp-allocator-block-size-background=1048576"
    "memorysetup-job-temp-allocator-reduction-small-platforms=262144"
    "memorysetup-temp-allocator-size-background-worker=32768"
    "memorysetup-temp-allocator-size-job-worker=262144"
    "memorysetup-temp-allocator-size-preload-manager=33554432"
    "memorysetup-temp-allocator-size-nav-mesh-worker=65536"
    "memorysetup-temp-allocator-size-audio-worker=65536"
    "memorysetup-temp-allocator-size-cloud-worker=32768"
    "memorysetup-temp-allocator-size-gi-baking-worker=262144"
    "memorysetup-temp-allocator-size-gfx=262144"
Player connection [8239766336] Host "[IP] 192.168.1.53 [Port] 0 [Flags] 2 [Guid] 3643879400 [EditorId] 3643879400 [Version] 1048832 [Id] OSXEditor(0,kirills-macbook-air.home) [Debug] 1 [PackageName] OSXEditor [ProjectName] Editor" joined multi-casting on [225.0.0.222:54997]...

Player connection [8239766336] Host "[IP] 192.168.1.53 [Port] 0 [Flags] 2 [Guid] 3643879400 [EditorId] 3643879400 [Version] 1048832 [Id] OSXEditor(0,kirills-macbook-air.home) [Debug] 1 [PackageName] OSXEditor [ProjectName] Editor" joined alternative multi-casting on [225.0.0.222:34997]...

Refreshing native plugins compatible for Editor in 55.87 ms, found 2 plugins.
Preloading 0 native plugins for Editor in 0.00 ms.
Initialize engine version: 2021.3.24f1 (cf10dcf7010d)
[Subsystems] Discovering subsystems at path /Applications/Unity/Hub/Editor/2021.3.24f1/Unity.app/Contents/Resources/UnitySubsystems
[Subsystems] Discovering subsystems at path /Users/kqlqk/Desktop/Unity-project/Assets
GfxDevice: creating device client; threaded=0; jobified=0
 preferred device: Apple M2 (high power)
Metal devices available: 1
0: Apple M2 (high power)
Using device Apple M2 (high power)
Initializing Metal device caps: Apple M2
Initialize mono
Mono path[0] = '/Applications/Unity/Hub/Editor/2021.3.24f1/Unity.app/Contents/Managed'
Mono path[1] = '/Applications/Unity/Hub/Editor/2021.3.24f1/Unity.app/Contents/MonoBleedingEdge/lib/mono/unityjit-macos'
Mono config path = '/Applications/Unity/Hub/Editor/2021.3.24f1/Unity.app/Contents/MonoBleedingEdge/etc'
Using monoOptions --debugger-agent=transport=dt_socket,embedding=1,server=y,suspend=n,address=127.0.0.1:56369
Begin MonoManager ReloadAssembly
Registering precompiled unity dll's ...
Register platform support module: /Applications/Unity/Hub/Editor/2021.3.24f1/PlaybackEngines/WebGLSupport/UnityEditor.WebGL.Extensions.dll
Register platform support module: /Applications/Unity/Hub/Editor/2021.3.24f1/Unity.app/Contents/PlaybackEngines/MacStandaloneSupport/UnityEditor.OSXStandalone.Extensions.dll
Registered in 0.001240 seconds.
Native extension for OSXStandalone target not found
Native extension for WebGL target not found
Refreshing native plugins compatible for Editor in 53.20 ms, found 2 plugins.
Preloading 0 native plugins for Editor in 0.00 ms.
Mono: successfully reloaded assembly
- Completed reload, in  0.341 seconds
Domain Reload Profiling:
	ReloadAssembly (341ms)
		BeginReloadAssembly (57ms)
			ExecutionOrderSort (0ms)
			DisableScriptedObjects (0ms)
			BackupInstance (0ms)
			ReleaseScriptingObjects (0ms)
			CreateAndSetChildDomain (0ms)
		EndReloadAssembly (237ms)
			LoadAssemblies (57ms)
			RebuildTransferFunctionScriptingTraits (0ms)
			SetupTypeCache (57ms)
			ReleaseScriptCaches (0ms)
			RebuildScriptCaches (17ms)
			SetupLoadedEditorAssemblies (140ms)
				LogAssemblyErrors (0ms)
				InitializePlatformSupportModulesInManaged (3ms)
				SetLoadedEditorAssemblies (0ms)
				RefreshPlugins (53ms)
				BeforeProcessingInitializeOnLoad (0ms)
				ProcessInitializeOnLoadAttributes (64ms)
				ProcessInitializeOnLoadMethodAttributes (20ms)
				AfterProcessingInitializeOnLoad (0ms)
				EditorAssembliesLoaded (0ms)
			ExecutionOrderSort2 (0ms)
			AwakeInstancesAfterBackupRestoration (0ms)
Platform modules already initialized, skipping
Registering precompiled user dll's ...
Registered in 0.003431 seconds.
Begin MonoManager ReloadAssembly
Symbol file LoadedFromMemory doesn't match image /Users/kqlqk/Desktop/Unity-project/Library/PackageCache/com.unity.visualscripting@1.8.0/Editor/VisualScripting.Core/Dependencies/YamlDotNet/Unity.VisualScripting.YamlDotNet.dll
Symbol file LoadedFromMemory doesn't match image /Users/kqlqk/Desktop/Unity-project/Library/PackageCache/com.unity.visualscripting@1.8.0/Editor/VisualScripting.Core/Dependencies/DotNetZip/Unity.VisualScripting.IonicZip.dll
Native extension for OSXStandalone target not found
Native extension for WebGL target not found
Refreshing native plugins compatible for Editor in 0.55 ms, found 2 plugins.
Preloading 0 native plugins for Editor in 0.00 ms.
Mono: successfully reloaded assembly
- Completed reload, in  0.508 seconds
Domain Reload Profiling:
	ReloadAssembly (508ms)
		BeginReloadAssembly (56ms)
			ExecutionOrderSort (0ms)
			DisableScriptedObjects (3ms)
			BackupInstance (0ms)
			ReleaseScriptingObjects (0ms)
			CreateAndSetChildDomain (14ms)
		EndReloadAssembly (396ms)
			LoadAssemblies (46ms)
			RebuildTransferFunctionScriptingTraits (0ms)
			SetupTypeCache (143ms)
			ReleaseScriptCaches (0ms)
			RebuildScriptCaches (28ms)
			SetupLoadedEditorAssemblies (163ms)
				LogAssemblyErrors (0ms)
				InitializePlatformSupportModulesInManaged (3ms)
				SetLoadedEditorAssemblies (0ms)
				RefreshPlugins (1ms)
				BeforeProcessingInitializeOnLoad (45ms)
				ProcessInitializeOnLoadAttributes (106ms)
				ProcessInitializeOnLoadMethodAttributes (8ms)
				AfterProcessingInitializeOnLoad (1ms)
				EditorAssembliesLoaded (0ms)
			ExecutionOrderSort2 (0ms)
			AwakeInstancesAfterBackupRestoration (2ms)
Platform modules already initialized, skipping
========================================================================
Worker process is ready to serve import requests
Launching external process: /Applications/Unity/Hub/Editor/2021.3.24f1/Unity.app/Contents/Tools/UnityShaderCompiler
Launched and connected shader compiler UnityShaderCompiler after 0.04 seconds
Refreshing native plugins compatible for Editor in 0.31 ms, found 2 plugins.
Preloading 0 native plugins for Editor in 0.00 ms.
Unloading 3057 Unused Serialized files (Serialized files now loaded: 0)
Unloading 23 unused Assets / (322.0 KB). Loaded Objects now: 3519.
Memory consumption went from 102.9 MB to 102.6 MB.
Total: 1.855000 ms (FindLiveObjects: 0.094416 ms CreateObjectMapping: 0.037917 ms MarkObjects: 1.675708 ms  DeleteObjects: 0.046542 ms)

AssetImportParameters requested are different than current active one (requested -> active):
  custom:video-decoder-ogg-theora: a1e56fd34408186e4bbccfd4996cb3dc -> 
  custom:container-muxer-webm: aa71ff27fc2769a1b78a27578f13a17b -> 
  custom:container-demuxer-webm: 4f35f7cbe854078d1ac9338744f61a02 -> 
  custom:video-encoder-webm-vp8: eb34c28f22e8b96e1ab97ce403110664 -> 
  custom:framework-osx-AVFoundation: e770b220cccbd017edd2c1fefb359320 -> 
  custom:audio-encoder-webm-vorbis: bf7c407c2cedff20999df2af8eb42d56 -> 
  custom:container-demuxer-ogg: 62fdf1f143b41e24485cea50d1cbac27 -> 
  custom:video-decoder-webm-vp8: 9c59270c3fd7afecdb556c50c9e8de78 -> 
  custom:audio-decoder-ogg-vorbis: bf7c407c2cedff20999df2af8eb42d56 -> 
========================================================================
Received Import Request.
  Time since last request: 97913.118949 seconds.
  path: Assets/Stones_and_buried_treasure/Materials/Emerald.mat
  artifactKey: Guid(9d8103c4f549e304ebbc88c0779b2349) Importer(815301076,1909f56bfc062723c751e8b465ee728b)
Start importing Assets/Stones_and_buried_treasure/Materials/Emerald.mat using Guid(9d8103c4f549e304ebbc88c0779b2349) Importer(815301076,1909f56bfc062723c751e8b465ee728b)  -> (artifact id: '595d85b1d236352decc083edef6c19bc') in 0.123969 seconds 
========================================================================
Received Import Request.
  Time since last request: 1.850803 seconds.
  path: Assets/Stones_and_buried_treasure/Prefabs/Barrel_Closed.prefab
  artifactKey: Guid(4d272402a09cecd42a5f9f5d73589fc7) Importer(815301076,1909f56bfc062723c751e8b465ee728b)
Start importing Assets/Stones_and_buried_treasure/Prefabs/Barrel_Closed.prefab using Guid(4d272402a09cecd42a5f9f5d73589fc7) Importer(815301076,1909f56bfc062723c751e8b465ee728b)  -> (artifact id: 'ff6714a4cacb0fdf80704f65f34e83b2') in 0.046453 seconds 
========================================================================
Received Import Request.
  Time since last request: 0.000066 seconds.
  path: Assets/Stones_and_buried_treasure/Prefabs/Stone_11.prefab
  artifactKey: Guid(8b49696b2432a634e9f45dd8ad4aab80) Importer(815301076,1909f56bfc062723c751e8b465ee728b)
Start importing Assets/Stones_and_buried_treasure/Prefabs/Stone_11.prefab using Guid(8b49696b2432a634e9f45dd8ad4aab80) Importer(815301076,1909f56bfc062723c751e8b465ee728b)  -> (artifact id: '59e3c9e52ce238439b5f995ecbc3f2bd') in 0.005651 seconds 
========================================================================
Received Import Request.
  Time since last request: 0.000042 seconds.
  path: Assets/Stones_and_buried_treasure/Prefabs/Ground.prefab
  artifactKey: Guid(0ed7946982320464596b995b61ecdf34) Importer(815301076,1909f56bfc062723c751e8b465ee728b)
Start importing Assets/Stones_and_buried_treasure/Prefabs/Ground.prefab using Guid(0ed7946982320464596b995b61ecdf34) Importer(815301076,1909f56bfc062723c751e8b465ee728b)  -> (artifact id: 'eec132863d45fc2e2784fda00981f5f6') in 0.003976 seconds 
========================================================================
Received Import Request.
  Time since last request: 0.000048 seconds.
  path: Assets/Stones_and_buried_treasure/Prefabs/Stone_5.prefab
  artifactKey: Guid(e06ba814345b0ec43aaaf6a5dac7e762) Importer(815301076,1909f56bfc062723c751e8b465ee728b)
Start importing Assets/Stones_and_buried_treasure/Prefabs/Stone_5.prefab using Guid(e06ba814345b0ec43aaaf6a5dac7e762) Importer(815301076,1909f56bfc062723c751e8b465ee728b)  -> (artifact id: '41a2caf2f4e0f0741cfa98b4d84174e4') in 0.005299 seconds 
========================================================================
Received Import Request.
  Time since last request: 0.000037 seconds.
  path: Assets/Stones_and_buried_treasure/Prefabs/Bullion.prefab
  artifactKey: Guid(71af532755e61c7439f07e35d89278f8) Importer(815301076,1909f56bfc062723c751e8b465ee728b)
Start importing Assets/Stones_and_buried_treasure/Prefabs/Bullion.prefab using Guid(71af532755e61c7439f07e35d89278f8) Importer(815301076,1909f56bfc062723c751e8b465ee728b)  -> (artifact id: '16a33c28aa01c0ea2db0eee44550f9f8') in 0.004086 seconds 
========================================================================
Received Import Request.
  Time since last request: 0.000037 seconds.
  path: Assets/Stones_and_buried_treasure/Prefabs/Chest_Open.prefab
  artifactKey: Guid(33bf31b2b982a14499d546025065ad22) Importer(815301076,1909f56bfc062723c751e8b465ee728b)
Start importing Assets/Stones_and_buried_treasure/Prefabs/Chest_Open.prefab using Guid(33bf31b2b982a14499d546025065ad22) Importer(815301076,1909f56bfc062723c751e8b465ee728b)  -> (artifact id: 'db19d8cb0ac1b5fc56ec0c1c9804753c') in 0.004070 seconds 
========================================================================
Received Import Request.
  Time since last request: 0.000036 seconds.
  path: Assets/Stones_and_buried_treasure/Prefabs/Stone_3.prefab
  artifactKey: Guid(fca867e93da64f84c8cc00bde5b816f0) Importer(815301076,1909f56bfc062723c751e8b465ee728b)
Start importing Assets/Stones_and_buried_treasure/Prefabs/Stone_3.prefab using Guid(fca867e93da64f84c8cc00bde5b816f0) Importer(815301076,1909f56bfc062723c751e8b465ee728b)  -> (artifact id: '487f10ceed9547058cc04a62a7512ee1') in 0.004698 seconds 
========================================================================
Received Import Request.
  Time since last request: 0.000037 seconds.
  path: Assets/Stones_and_buried_treasure/Prefabs/Stone_13.prefab
  artifactKey: Guid(36d90c33e9b776448a1f2dfc975ffda5) Importer(815301076,1909f56bfc062723c751e8b465ee728b)
Start importing Assets/Stones_and_buried_treasure/Prefabs/Stone_13.prefab using Guid(36d90c33e9b776448a1f2dfc975ffda5) Importer(815301076,1909f56bfc062723c751e8b465ee728b)  -> (artifact id: '833b407deac4eeb15a766fdb0de43ad2') in 0.003884 seconds 
========================================================================
Received Import Request.
  Time since last request: 0.000033 seconds.
  path: Assets/Stones_and_buried_treasure/Prefabs/Stone_15.prefab
  artifactKey: Guid(7e9e129d389d7b840aff77f25f41451c) Importer(815301076,1909f56bfc062723c751e8b465ee728b)
Start importing Assets/Stones_and_buried_treasure/Prefabs/Stone_15.prefab using Guid(7e9e129d389d7b840aff77f25f41451c) Importer(815301076,1909f56bfc062723c751e8b465ee728b)  -> (artifact id: '64aa2c83e1ea6b7e5cc3e0e1d62f7822') in 0.004232 seconds 
========================================================================
Received Import Request.
  Time since last request: 0.000043 seconds.
  path: Assets/Stones_and_buried_treasure/Prefabs/Сrystal_3.prefab
  artifactKey: Guid(b4572596b6a569946aedef79f222fa22) Importer(815301076,1909f56bfc062723c751e8b465ee728b)
Start importing Assets/Stones_and_buried_treasure/Prefabs/Сrystal_3.prefab using Guid(b4572596b6a569946aedef79f222fa22) Importer(815301076,1909f56bfc062723c751e8b465ee728b)  -> (artifact id: '5182b035fd34f705c53bcc4674b16761') in 0.004163 seconds 
========================================================================
Received Import Request.
  Time since last request: 0.000034 seconds.
  path: Assets/Stones_and_buried_treasure/Prefabs/Сoin.prefab
  artifactKey: Guid(e3df14a44368b9c47a6175eebd31535d) Importer(815301076,1909f56bfc062723c751e8b465ee728b)
Start importing Assets/Stones_and_buried_treasure/Prefabs/Сoin.prefab using Guid(e3df14a44368b9c47a6175eebd31535d) Importer(815301076,1909f56bfc062723c751e8b465ee728b)  -> (artifact id: 'd3a4b98445ccbdda538ecabbfb1066c6') in 0.003657 seconds 
========================================================================
Received Import Request.
  Time since last request: 0.000032 seconds.
  path: Assets/Stones_and_buried_treasure/Prefabs/Skull.prefab
  artifactKey: Guid(331828e5d69fcf148a4fa6dadc2c2f41) Importer(815301076,1909f56bfc062723c751e8b465ee728b)
Start importing Assets/Stones_and_buried_treasure/Prefabs/Skull.prefab using Guid(331828e5d69fcf148a4fa6dadc2c2f41) Importer(815301076,1909f56bfc062723c751e8b465ee728b)  -> (artifact id: '85dbd87efef28d8bc3b51c2e89f20680') in 0.004074 seconds 
========================================================================
Received Import Request.
  Time since last request: 0.000088 seconds.
  path: Assets/Stones_and_buried_treasure/Prefabs/Stone_2.prefab
  artifactKey: Guid(6e1def531c4baaf4387bc4283f7ef134) Importer(815301076,1909f56bfc062723c751e8b465ee728b)
Start importing Assets/Stones_and_buried_treasure/Prefabs/Stone_2.prefab using Guid(6e1def531c4baaf4387bc4283f7ef134) Importer(815301076,1909f56bfc062723c751e8b465ee728b)  -> (artifact id: '45264649cf1e2c748de25edd907606e1') in 0.004251 seconds 
========================================================================
Received Import Request.
  Time since last request: 0.000042 seconds.
  path: Assets/Stones_and_buried_treasure/Prefabs/Сrystal_1.prefab
  artifactKey: Guid(2485624f732b618439e23cb8081d41dc) Importer(815301076,1909f56bfc062723c751e8b465ee728b)
Start importing Assets/Stones_and_buried_treasure/Prefabs/Сrystal_1.prefab using Guid(2485624f732b618439e23cb8081d41dc) Importer(815301076,1909f56bfc062723c751e8b465ee728b)  -> (artifact id: '9cbe655099dd9a9bb071e20a2f19de6b') in 0.003367 seconds 
========================================================================
Received Import Request.
  Time since last request: 0.000043 seconds.
  path: Assets/Stones_and_buried_treasure/Prefabs/Elixir_Of_Health.prefab
  artifactKey: Guid(fb1342e2566442642a1b0da9756b066e) Importer(815301076,1909f56bfc062723c751e8b465ee728b)
Start importing Assets/Stones_and_buried_treasure/Prefabs/Elixir_Of_Health.prefab using Guid(fb1342e2566442642a1b0da9756b066e) Importer(815301076,1909f56bfc062723c751e8b465ee728b)  -> (artifact id: 'f926c73507ec0503b297109d15fb6c56') in 0.003741 seconds 
========================================================================
Received Import Request.
  Time since last request: 0.000039 seconds.
  path: Assets/Stones_and_buried_treasure/Prefabs/Stone_8.prefab
  artifactKey: Guid(06feddaacfebcc845a71837d24b4ed20) Importer(815301076,1909f56bfc062723c751e8b465ee728b)
Start importing Assets/Stones_and_buried_treasure/Prefabs/Stone_8.prefab using Guid(06feddaacfebcc845a71837d24b4ed20) Importer(815301076,1909f56bfc062723c751e8b465ee728b)  -> (artifact id: 'd4dd8711abccf68b3ae8a432b79ac853') in 0.003518 seconds 
========================================================================
Received Import Request.
  Time since last request: 0.000032 seconds.
  path: Assets/Stones_and_buried_treasure/Prefabs/Crown.prefab
  artifactKey: Guid(60843c6f0abfe104f8c631aabae51301) Importer(815301076,1909f56bfc062723c751e8b465ee728b)
Start importing Assets/Stones_and_buried_treasure/Prefabs/Crown.prefab using Guid(60843c6f0abfe104f8c631aabae51301) Importer(815301076,1909f56bfc062723c751e8b465ee728b)  -> (artifact id: '326199fb55846378b526e3ab4c719ef9') in 0.004083 seconds 
========================================================================
Received Import Request.
  Time since last request: 0.000065 seconds.
  path: Assets/Stones_and_buried_treasure/Prefabs/Stone_9.prefab
  artifactKey: Guid(74bece5c87deaa946b1d5c129a3123af) Importer(815301076,1909f56bfc062723c751e8b465ee728b)
Start importing Assets/Stones_and_buried_treasure/Prefabs/Stone_9.prefab using Guid(74bece5c87deaa946b1d5c129a3123af) Importer(815301076,1909f56bfc062723c751e8b465ee728b)  -> (artifact id: '43778107dcc06b0e3a63d8bed5f7899f') in 0.004155 seconds 
========================================================================
Received Import Request.
  Time since last request: 0.000071 seconds.
  path: Assets/Stones_and_buried_treasure/Prefabs/Stone_7.prefab
  artifactKey: Guid(41746623d92e6994586a79f8ebd3681a) Importer(815301076,1909f56bfc062723c751e8b465ee728b)
Start importing Assets/Stones_and_buried_treasure/Prefabs/Stone_7.prefab using Guid(41746623d92e6994586a79f8ebd3681a) Importer(815301076,1909f56bfc062723c751e8b465ee728b)  -> (artifact id: '5873837c5e61dc629cb471f3133091e2') in 0.004962 seconds 
========================================================================
Received Import Request.
  Time since last request: 0.000049 seconds.
  path: Assets/Stones_and_buried_treasure/Prefabs/Stone_4.prefab
  artifactKey: Guid(a9be5f8d69d77f346a425712248b814c) Importer(815301076,1909f56bfc062723c751e8b465ee728b)
Start importing Assets/Stones_and_buried_treasure/Prefabs/Stone_4.prefab using Guid(a9be5f8d69d77f346a425712248b814c) Importer(815301076,1909f56bfc062723c751e8b465ee728b)  -> (artifact id: '446f43b071ffa41b3ec33c978da722bc') in 0.003891 seconds 
========================================================================
Received Import Request.
  Time since last request: 0.000059 seconds.
  path: Assets/Stones_and_buried_treasure/Prefabs/Сrystal_2.prefab
  artifactKey: Guid(54c295819cbc940479f443cf807656ea) Importer(815301076,1909f56bfc062723c751e8b465ee728b)
Start importing Assets/Stones_and_buried_treasure/Prefabs/Сrystal_2.prefab using Guid(54c295819cbc940479f443cf807656ea) Importer(815301076,1909f56bfc062723c751e8b465ee728b)  -> (artifact id: 'c29b5af2da9792c4fb98ca9c3fd5d5b3') in 0.004465 seconds 
========================================================================
Received Prepare
Registering precompiled user dll's ...
Registered in 0.001440 seconds.
Begin MonoManager ReloadAssembly
Thread 0x292f07000 may have been prematurely finalized
Symbol file LoadedFromMemory doesn't match image /Users/kqlqk/Desktop/Unity-project/Library/PackageCache/com.unity.visualscripting@1.8.0/Editor/VisualScripting.Core/Dependencies/YamlDotNet/Unity.VisualScripting.YamlDotNet.dll
Symbol file LoadedFromMemory doesn't match image /Users/kqlqk/Desktop/Unity-project/Library/PackageCache/com.unity.visualscripting@1.8.0/Editor/VisualScripting.Core/Dependencies/DotNetZip/Unity.VisualScripting.IonicZip.dll
Native extension for OSXStandalone target not found
Native extension for WebGL target not found
Refreshing native plugins compatible for Editor in 0.39 ms, found 2 plugins.
Preloading 0 native plugins for Editor in 0.00 ms.
Mono: successfully reloaded assembly
- Completed reload, in  0.508 seconds
Domain Reload Profiling:
	ReloadAssembly (508ms)
		BeginReloadAssembly (81ms)
			ExecutionOrderSort (0ms)
			DisableScriptedObjects (2ms)
			BackupInstance (0ms)
			ReleaseScriptingObjects (0ms)
			CreateAndSetChildDomain (28ms)
		EndReloadAssembly (378ms)
			LoadAssemblies (38ms)
			RebuildTransferFunctionScriptingTraits (0ms)
			SetupTypeCache (157ms)
			ReleaseScriptCaches (1ms)
			RebuildScriptCaches (25ms)
			SetupLoadedEditorAssemblies (142ms)
				LogAssemblyErrors (0ms)
				InitializePlatformSupportModulesInManaged (2ms)
				SetLoadedEditorAssemblies (0ms)
				RefreshPlugins (0ms)
				BeforeProcessingInitializeOnLoad (30ms)
				ProcessInitializeOnLoadAttributes (100ms)
				ProcessInitializeOnLoadMethodAttributes (9ms)
				AfterProcessingInitializeOnLoad (1ms)
				EditorAssembliesLoaded (0ms)
			ExecutionOrderSort2 (0ms)
			AwakeInstancesAfterBackupRestoration (2ms)
Platform modules already initialized, skipping
Refreshing native plugins compatible for Editor in 0.56 ms, found 2 plugins.
Preloading 0 native plugins for Editor in 0.00 ms.
Unloading 3048 Unused Serialized files (Serialized files now loaded: 0)
Unloading 19 unused Assets / (45.6 KB). Loaded Objects now: 3560.
Memory consumption went from 113.1 MB to 113.0 MB.
Total: 1.969125 ms (FindLiveObjects: 0.093334 ms CreateObjectMapping: 0.044750 ms MarkObjects: 1.794458 ms  DeleteObjects: 0.036209 ms)

AssetImportParameters requested are different than current active one (requested -> active):
  custom:video-decoder-ogg-theora: a1e56fd34408186e4bbccfd4996cb3dc -> 
  custom:container-muxer-webm: aa71ff27fc2769a1b78a27578f13a17b -> 
  custom:container-demuxer-webm: 4f35f7cbe854078d1ac9338744f61a02 -> 
  custom:video-encoder-webm-vp8: eb34c28f22e8b96e1ab97ce403110664 -> 
  custom:framework-osx-AVFoundation: e770b220cccbd017edd2c1fefb359320 -> 
  custom:audio-encoder-webm-vorbis: bf7c407c2cedff20999df2af8eb42d56 -> 
  custom:container-demuxer-ogg: 62fdf1f143b41e24485cea50d1cbac27 -> 
  custom:video-decoder-webm-vp8: 9c59270c3fd7afecdb556c50c9e8de78 -> 
  custom:audio-decoder-ogg-vorbis: bf7c407c2cedff20999df2af8eb42d56 -> 
========================================================================
Received Import Request.
  Time since last request: 164.363295 seconds.
  path: Assets/BrokenVector/LowPolyDungeon/Prefabs/Furniture/Banner.prefab
  artifactKey: Guid(ad4bcbbca7d5fde4cbaa62e8f9296dd9) Importer(815301076,1909f56bfc062723c751e8b465ee728b)
Start importing Assets/BrokenVector/LowPolyDungeon/Prefabs/Furniture/Banner.prefab using Guid(ad4bcbbca7d5fde4cbaa62e8f9296dd9) Importer(815301076,1909f56bfc062723c751e8b465ee728b)  -> (artifact id: 'c0d6e1c8fb7a7c45795b73f4c9c3b456') in 0.100521 seconds 
========================================================================
Received Import Request.
  Time since last request: 0.000030 seconds.
  path: Assets/BrokenVector/LowPolyDungeon/Prefabs/Furniture/Barrel_Closed.prefab
  artifactKey: Guid(5adaedd4c0081614da171fecdf6bbd37) Importer(815301076,1909f56bfc062723c751e8b465ee728b)
Start importing Assets/BrokenVector/LowPolyDungeon/Prefabs/Furniture/Barrel_Closed.prefab using Guid(5adaedd4c0081614da171fecdf6bbd37) Importer(815301076,1909f56bfc062723c751e8b465ee728b)  -> (artifact id: 'b7950a201432e93dad02bf43617d9c2b') in 0.018611 seconds 
========================================================================
Received Import Request.
  Time since last request: 0.000060 seconds.
  path: Assets/BrokenVector/LowPolyDungeon/Prefabs/Furniture/Throne.prefab
  artifactKey: Guid(760c802c9bcad6e4c98ab4909f7e92da) Importer(815301076,1909f56bfc062723c751e8b465ee728b)
Start importing Assets/BrokenVector/LowPolyDungeon/Prefabs/Furniture/Throne.prefab using Guid(760c802c9bcad6e4c98ab4909f7e92da) Importer(815301076,1909f56bfc062723c751e8b465ee728b)  -> (artifact id: 'e616ae207ad68e52e85a5e0cb1805d7f') in 0.022977 seconds 
========================================================================
Received Import Request.
  Time since last request: 0.000042 seconds.
  path: Assets/BrokenVector/LowPolyDungeon/Prefabs/Furniture/Shelf_Wall.prefab
  artifactKey: Guid(559f839e0f294cf499731ff6070352ac) Importer(815301076,1909f56bfc062723c751e8b465ee728b)
Start importing Assets/BrokenVector/LowPolyDungeon/Prefabs/Furniture/Shelf_Wall.prefab using Guid(559f839e0f294cf499731ff6070352ac) Importer(815301076,1909f56bfc062723c751e8b465ee728b)  -> (artifact id: 'e03f6befbb99b4c557a90ba20d27fd38') in 0.005241 seconds 
========================================================================
Received Import Request.
  Time since last request: 0.000126 seconds.
  path: Assets/BrokenVector/LowPolyDungeon/Prefabs/Furniture/Barrel_Open.prefab
  artifactKey: Guid(591bed4d8c69b824c81e7261d794d9f5) Importer(815301076,1909f56bfc062723c751e8b465ee728b)
Start importing Assets/BrokenVector/LowPolyDungeon/Prefabs/Furniture/Barrel_Open.prefab using Guid(591bed4d8c69b824c81e7261d794d9f5) Importer(815301076,1909f56bfc062723c751e8b465ee728b)  -> (artifact id: '64933619148edd1a4dabd528b2c12ed4') in 0.006122 seconds 
========================================================================
Received Import Request.
  Time since last request: 0.000033 seconds.
  path: Assets/BrokenVector/LowPolyDungeon/Prefabs/Furniture/WeaponRack_Big.prefab
  artifactKey: Guid(797162f1e2611d14bac618083727de40) Importer(815301076,1909f56bfc062723c751e8b465ee728b)
Start importing Assets/BrokenVector/LowPolyDungeon/Prefabs/Furniture/WeaponRack_Big.prefab using Guid(797162f1e2611d14bac618083727de40) Importer(815301076,1909f56bfc062723c751e8b465ee728b)  -> (artifact id: '82003b7eef0f89b6185df4afbb6ac377') in 0.006938 seconds 
========================================================================
Received Import Request.
  Time since last request: 0.000051 seconds.
  path: Assets/BrokenVector/LowPolyDungeon/Prefabs/Furniture/Oven.prefab
  artifactKey: Guid(c5ef04fb4ce25e046956b9dc2a11ead8) Importer(815301076,1909f56bfc062723c751e8b465ee728b)
Start importing Assets/BrokenVector/LowPolyDungeon/Prefabs/Furniture/Oven.prefab using Guid(c5ef04fb4ce25e046956b9dc2a11ead8) Importer(815301076,1909f56bfc062723c751e8b465ee728b)  -> (artifact id: 'bd79f9c5c1355a52daf5268e3ef2a40e') in 0.005254 seconds 
========================================================================
Received Import Request.
  Time since last request: 0.000036 seconds.
  path: Assets/BrokenVector/LowPolyDungeon/Prefabs/Furniture/Stool_round.prefab
  artifactKey: Guid(a8acfdda1f8f6064bbf4e2fe34b27e67) Importer(815301076,1909f56bfc062723c751e8b465ee728b)
Start importing Assets/BrokenVector/LowPolyDungeon/Prefabs/Furniture/Stool_round.prefab using Guid(a8acfdda1f8f6064bbf4e2fe34b27e67) Importer(815301076,1909f56bfc062723c751e8b465ee728b)  -> (artifact id: '75373f563598af44ef9a564844cc4a98') in 0.005873 seconds 
========================================================================
Received Import Request.
  Time since last request: 0.000060 seconds.
  path: Assets/BrokenVector/LowPolyDungeon/Prefabs/Furniture/WeaponRack_Small.prefab
  artifactKey: Guid(33b88a355dbcf1249aeafebe7d0f5879) Importer(815301076,1909f56bfc062723c751e8b465ee728b)
Start importing Assets/BrokenVector/LowPolyDungeon/Prefabs/Furniture/WeaponRack_Small.prefab using Guid(33b88a355dbcf1249aeafebe7d0f5879) Importer(815301076,1909f56bfc062723c751e8b465ee728b)  -> (artifact id: 'b71925d2e23e0cc12871478b4ae04bf8') in 0.004755 seconds 
========================================================================
Received Import Request.
  Time since last request: 3.865515 seconds.
  path: Assets/BrokenVector/LowPolyDungeon/Prefabs/Tiles/Balcony_Railing.prefab
  artifactKey: Guid(112473a489e4f4e47b0127b8a56f8582) Importer(815301076,1909f56bfc062723c751e8b465ee728b)
Start importing Assets/BrokenVector/LowPolyDungeon/Prefabs/Tiles/Balcony_Railing.prefab using Guid(112473a489e4f4e47b0127b8a56f8582) Importer(815301076,1909f56bfc062723c751e8b465ee728b)  -> (artifact id: '920b6c4182069dd2bc2dc948fdfc3bf7') in 0.007370 seconds 
========================================================================
Received Import Request.
  Time since last request: 0.000049 seconds.
  path: Assets/BrokenVector/LowPolyDungeon/Prefabs/Tiles/Dungeon_Passage.prefab
  artifactKey: Guid(b89b3b3efb3070240952a3335d270247) Importer(815301076,1909f56bfc062723c751e8b465ee728b)
Start importing Assets/BrokenVector/LowPolyDungeon/Prefabs/Tiles/Dungeon_Passage.prefab using Guid(b89b3b3efb3070240952a3335d270247) Importer(815301076,1909f56bfc062723c751e8b465ee728b)  -> (artifact id: '0ff9b8ac71ddd4b0d6508c259a975b46') in 0.006737 seconds 
========================================================================
Received Import Request.
  Time since last request: 0.000048 seconds.
  path: Assets/BrokenVector/LowPolyDungeon/Prefabs/Tiles/Dungeon_Big_to_Custom.prefab
  artifactKey: Guid(a8df3746f46c949429b741b6b3defcb3) Importer(815301076,1909f56bfc062723c751e8b465ee728b)
Start importing Assets/BrokenVector/LowPolyDungeon/Prefabs/Tiles/Dungeon_Big_to_Custom.prefab using Guid(a8df3746f46c949429b741b6b3defcb3) Importer(815301076,1909f56bfc062723c751e8b465ee728b)  -> (artifact id: '9d11349d859fe1f492dff62ceacc4a36') in 0.007331 seconds 
========================================================================
Received Import Request.
  Time since last request: 0.000095 seconds.
  path: Assets/BrokenVector/LowPolyDungeon/Prefabs/Tiles/Hallway_Double.prefab
  artifactKey: Guid(7e2b134344aa7c0449b99d1a47be113a) Importer(815301076,1909f56bfc062723c751e8b465ee728b)
Start importing Assets/BrokenVector/LowPolyDungeon/Prefabs/Tiles/Hallway_Double.prefab using Guid(7e2b134344aa7c0449b99d1a47be113a) Importer(815301076,1909f56bfc062723c751e8b465ee728b)  -> (artifact id: '8714142a697690b19825fdd93561e59b') in 0.007036 seconds 
========================================================================
Received Import Request.
  Time since last request: 0.000087 seconds.
  path: Assets/BrokenVector/LowPolyDungeon/Prefabs/Tiles/Dungeon_Custom_Corner_Arched.prefab
  artifactKey: Guid(da9803df239bac641a76405e07eaaa8d) Importer(815301076,1909f56bfc062723c751e8b465ee728b)
Start importing Assets/BrokenVector/LowPolyDungeon/Prefabs/Tiles/Dungeon_Custom_Corner_Arched.prefab using Guid(da9803df239bac641a76405e07eaaa8d) Importer(815301076,1909f56bfc062723c751e8b465ee728b)  -> (artifact id: 'b70f3848d29e4131fcd18b0195dfd538') in 0.006120 seconds 
========================================================================
Received Import Request.
  Time since last request: 0.000063 seconds.
  path: Assets/BrokenVector/LowPolyDungeon/Prefabs/Tiles/Dungeon_Wall_Var3.prefab
  artifactKey: Guid(8cda7687928e5174ea2627e48a3c6d69) Importer(815301076,1909f56bfc062723c751e8b465ee728b)
Start importing Assets/BrokenVector/LowPolyDungeon/Prefabs/Tiles/Dungeon_Wall_Var3.prefab using Guid(8cda7687928e5174ea2627e48a3c6d69) Importer(815301076,1909f56bfc062723c751e8b465ee728b)  -> (artifact id: 'faf2b65133dad09f6ad726379d9c174b') in 0.005122 seconds 
========================================================================
Received Import Request.
  Time since last request: 0.000039 seconds.
  path: Assets/BrokenVector/LowPolyDungeon/Prefabs/Tiles/Door_Basement_Left.prefab
  artifactKey: Guid(8b456a21699676a4b94bd6288356bf89) Importer(815301076,1909f56bfc062723c751e8b465ee728b)
Start importing Assets/BrokenVector/LowPolyDungeon/Prefabs/Tiles/Door_Basement_Left.prefab using Guid(8b456a21699676a4b94bd6288356bf89) Importer(815301076,1909f56bfc062723c751e8b465ee728b)  -> (artifact id: 'e032dd44953e1cc5eb7122dd4effdbf8') in 0.005682 seconds 
========================================================================
Received Import Request.
  Time since last request: 0.000040 seconds.
  path: Assets/BrokenVector/LowPolyDungeon/Prefabs/Tiles/Dungeon_Custom_Corner_Inverted.prefab
  artifactKey: Guid(867c307861a2f9244bc4a3434c515f1c) Importer(815301076,1909f56bfc062723c751e8b465ee728b)
Start importing Assets/BrokenVector/LowPolyDungeon/Prefabs/Tiles/Dungeon_Custom_Corner_Inverted.prefab using Guid(867c307861a2f9244bc4a3434c515f1c) Importer(815301076,1909f56bfc062723c751e8b465ee728b)  -> (artifact id: 'a2bec860ea0c37c4e987671c3d5b5982') in 0.006016 seconds 
========================================================================
Received Import Request.
  Time since last request: 0.000031 seconds.
  path: Assets/BrokenVector/LowPolyDungeon/Prefabs/Tiles/Dungeon_Straight.prefab
  artifactKey: Guid(97a4b078c0091b947acd8736a2f47884) Importer(815301076,1909f56bfc062723c751e8b465ee728b)
Start importing Assets/BrokenVector/LowPolyDungeon/Prefabs/Tiles/Dungeon_Straight.prefab using Guid(97a4b078c0091b947acd8736a2f47884) Importer(815301076,1909f56bfc062723c751e8b465ee728b)  -> (artifact id: '4b2f4531253f4ef1d53063506e79272e') in 0.007826 seconds 
========================================================================
Received Import Request.
  Time since last request: 0.000046 seconds.
  path: Assets/BrokenVector/LowPolyDungeon/Prefabs/Tiles/Dungeon_Hall_Wall_Stairs_Left.prefab
  artifactKey: Guid(4896ba4e24abe11438ab4b34a382af54) Importer(815301076,1909f56bfc062723c751e8b465ee728b)
Start importing Assets/BrokenVector/LowPolyDungeon/Prefabs/Tiles/Dungeon_Hall_Wall_Stairs_Left.prefab using Guid(4896ba4e24abe11438ab4b34a382af54) Importer(815301076,1909f56bfc062723c751e8b465ee728b)  -> (artifact id: '9f3b1ba302bbe338935b0ff7355cbd25') in 0.007739 seconds 
========================================================================
Received Import Request.
  Time since last request: 0.000097 seconds.
  path: Assets/BrokenVector/LowPolyDungeon/Prefabs/Tiles/Hallway_Curve_Short.prefab
  artifactKey: Guid(ea89d7821ddb211478ce5ff6f3ea064d) Importer(815301076,1909f56bfc062723c751e8b465ee728b)
Start importing Assets/BrokenVector/LowPolyDungeon/Prefabs/Tiles/Hallway_Curve_Short.prefab using Guid(ea89d7821ddb211478ce5ff6f3ea064d) Importer(815301076,1909f56bfc062723c751e8b465ee728b)  -> (artifact id: '275b20993e98d3e16e4aa06df5119979') in 0.008230 seconds 
========================================================================
Received Import Request.
  Time since last request: 0.000057 seconds.
  path: Assets/BrokenVector/LowPolyDungeon/Prefabs/Tiles/Basement_Wall_Var3.prefab
  artifactKey: Guid(3095027673429ac43888f84f7de0b80e) Importer(815301076,1909f56bfc062723c751e8b465ee728b)
Start importing Assets/BrokenVector/LowPolyDungeon/Prefabs/Tiles/Basement_Wall_Var3.prefab using Guid(3095027673429ac43888f84f7de0b80e) Importer(815301076,1909f56bfc062723c751e8b465ee728b)  -> (artifact id: '4d1740db4cc9b88e53bfb2fb283871de') in 0.012773 seconds 
========================================================================
Received Import Request.
  Time since last request: 0.000032 seconds.
  path: Assets/BrokenVector/LowPolyDungeon/Prefabs/Tiles/Dungeon_CornerCrossing.prefab
  artifactKey: Guid(dd7a26e18353799418d77212cc3275fe) Importer(815301076,1909f56bfc062723c751e8b465ee728b)
Start importing Assets/BrokenVector/LowPolyDungeon/Prefabs/Tiles/Dungeon_CornerCrossing.prefab using Guid(dd7a26e18353799418d77212cc3275fe) Importer(815301076,1909f56bfc062723c751e8b465ee728b)  -> (artifact id: '51059aac92690bdf8ff27fa322d69087') in 0.010537 seconds 
========================================================================
Received Import Request.
  Time since last request: 0.000034 seconds.
  path: Assets/BrokenVector/LowPolyDungeon/Prefabs/Tiles/Hallway_Half.prefab
  artifactKey: Guid(a62753c87b044214ebd45797277f54ad) Importer(815301076,1909f56bfc062723c751e8b465ee728b)
Start importing Assets/BrokenVector/LowPolyDungeon/Prefabs/Tiles/Hallway_Half.prefab using Guid(a62753c87b044214ebd45797277f54ad) Importer(815301076,1909f56bfc062723c751e8b465ee728b)  -> (artifact id: '2ee29ee9833bbeefdd1687d75c87f8fb') in 0.010170 seconds 
========================================================================
Received Import Request.
  Time since last request: 0.000051 seconds.
  path: Assets/BrokenVector/LowPolyDungeon/Prefabs/Tiles/Dungeon_Hall_Corner.prefab
  artifactKey: Guid(d468aca3a4ae71b46a917597c89e70ac) Importer(815301076,1909f56bfc062723c751e8b465ee728b)
Start importing Assets/BrokenVector/LowPolyDungeon/Prefabs/Tiles/Dungeon_Hall_Corner.prefab using Guid(d468aca3a4ae71b46a917597c89e70ac) Importer(815301076,1909f56bfc062723c751e8b465ee728b)  -> (artifact id: '8c7e3199ecfa57c6476891d0418ea83c') in 0.006690 seconds 
========================================================================
Received Import Request.
  Time since last request: 0.000029 seconds.
  path: Assets/BrokenVector/LowPolyDungeon/Prefabs/Tiles/Dungeon_Big_Window.prefab
  artifactKey: Guid(e1b562557332b084b8dbc191884e6f92) Importer(815301076,1909f56bfc062723c751e8b465ee728b)
Start importing Assets/BrokenVector/LowPolyDungeon/Prefabs/Tiles/Dungeon_Big_Window.prefab using Guid(e1b562557332b084b8dbc191884e6f92) Importer(815301076,1909f56bfc062723c751e8b465ee728b)  -> (artifact id: 'ea6721b686239c1da0efe83bc3e5435e') in 0.005190 seconds 
========================================================================
Received Import Request.
  Time since last request: 0.000043 seconds.
  path: Assets/BrokenVector/LowPolyDungeon/Prefabs/Tiles/Dungeon_Custom_Border_Arched.prefab
  artifactKey: Guid(2f2ff5c103656c94ca51d5bbd62d1ca9) Importer(815301076,1909f56bfc062723c751e8b465ee728b)
Start importing Assets/BrokenVector/LowPolyDungeon/Prefabs/Tiles/Dungeon_Custom_Border_Arched.prefab using Guid(2f2ff5c103656c94ca51d5bbd62d1ca9) Importer(815301076,1909f56bfc062723c751e8b465ee728b)  -> (artifact id: '908962bba65cd5823c9dc06e84b669ce') in 0.006559 seconds 
========================================================================
Received Import Request.
  Time since last request: 0.000066 seconds.
  path: Assets/BrokenVector/LowPolyDungeon/Prefabs/Tiles/Dungeon_Passage_Wood.prefab
  artifactKey: Guid(398fe532ee92e2b478e8fd465e800786) Importer(815301076,1909f56bfc062723c751e8b465ee728b)
Start importing Assets/BrokenVector/LowPolyDungeon/Prefabs/Tiles/Dungeon_Passage_Wood.prefab using Guid(398fe532ee92e2b478e8fd465e800786) Importer(815301076,1909f56bfc062723c751e8b465ee728b)  -> (artifact id: 'd279451a786c4e61216797009bb6a6fe') in 0.006864 seconds 
========================================================================
Received Import Request.
  Time since last request: 0.000055 seconds.
  path: Assets/BrokenVector/LowPolyDungeon/Prefabs/Tiles/Basement_Wall_Var1.prefab
  artifactKey: Guid(e52fa0ab130d63b42bcdd15456a87141) Importer(815301076,1909f56bfc062723c751e8b465ee728b)
Start importing Assets/BrokenVector/LowPolyDungeon/Prefabs/Tiles/Basement_Wall_Var1.prefab using Guid(e52fa0ab130d63b42bcdd15456a87141) Importer(815301076,1909f56bfc062723c751e8b465ee728b)  -> (artifact id: '629a83e099be4c9b3916df0c840e406d') in 0.005893 seconds 
========================================================================
Received Import Request.
  Time since last request: 0.000048 seconds.
  path: Assets/BrokenVector/LowPolyDungeon/Prefabs/Tiles/Dungeon_Big_Passage.prefab
  artifactKey: Guid(b78909d98814b3d42aa488a008c30001) Importer(815301076,1909f56bfc062723c751e8b465ee728b)
Start importing Assets/BrokenVector/LowPolyDungeon/Prefabs/Tiles/Dungeon_Big_Passage.prefab using Guid(b78909d98814b3d42aa488a008c30001) Importer(815301076,1909f56bfc062723c751e8b465ee728b)  -> (artifact id: 'f60b003a1a708310edbe1e072374351e') in 0.006017 seconds 
========================================================================
Received Import Request.
  Time since last request: 0.000076 seconds.
  path: Assets/BrokenVector/LowPolyDungeon/Prefabs/Tiles/Dungeon_Big_Wall.prefab
  artifactKey: Guid(3ef94e73d5607784fbcbba8de4155b1e) Importer(815301076,1909f56bfc062723c751e8b465ee728b)
Start importing Assets/BrokenVector/LowPolyDungeon/Prefabs/Tiles/Dungeon_Big_Wall.prefab using Guid(3ef94e73d5607784fbcbba8de4155b1e) Importer(815301076,1909f56bfc062723c751e8b465ee728b)  -> (artifact id: '1afa69ab30e034e6ee0df215c44cd3c6') in 0.005121 seconds 
========================================================================
Received Import Request.
  Time since last request: 0.000201 seconds.
  path: Assets/BrokenVector/LowPolyDungeon/Prefabs/Tiles/Door_Basement_Right.prefab
  artifactKey: Guid(16efa409f7809d6499a20bf293c5df05) Importer(815301076,1909f56bfc062723c751e8b465ee728b)
Start importing Assets/BrokenVector/LowPolyDungeon/Prefabs/Tiles/Door_Basement_Right.prefab using Guid(16efa409f7809d6499a20bf293c5df05) Importer(815301076,1909f56bfc062723c751e8b465ee728b)  -> (artifact id: '3a81ec785982826b9814d6b85a72879f') in 0.005680 seconds 
========================================================================
Received Import Request.
  Time since last request: 0.000062 seconds.
  path: Assets/BrokenVector/LowPolyDungeon/Prefabs/Tiles/Door_Wooden_Round_Right.prefab
  artifactKey: Guid(15745f8b70e5d524183539fa272d90a3) Importer(815301076,1909f56bfc062723c751e8b465ee728b)
Start importing Assets/BrokenVector/LowPolyDungeon/Prefabs/Tiles/Door_Wooden_Round_Right.prefab using Guid(15745f8b70e5d524183539fa272d90a3) Importer(815301076,1909f56bfc062723c751e8b465ee728b)  -> (artifact id: '5ba92f64aa2b4295d73180a911b71edd') in 0.005889 seconds 
========================================================================
Received Import Request.
  Time since last request: 0.000138 seconds.
  path: Assets/BrokenVector/LowPolyDungeon/Prefabs/Tiles/Dungeon_Wall_Var2.prefab
  artifactKey: Guid(1696222c72e89ab4f9026119ef17826b) Importer(815301076,1909f56bfc062723c751e8b465ee728b)
Start importing Assets/BrokenVector/LowPolyDungeon/Prefabs/Tiles/Dungeon_Wall_Var2.prefab using Guid(1696222c72e89ab4f9026119ef17826b) Importer(815301076,1909f56bfc062723c751e8b465ee728b)  -> (artifact id: '90dad440f7272582fe2f8aecd08e0e85') in 0.004896 seconds 
========================================================================
Received Import Request.
  Time since last request: 0.661650 seconds.
  path: Assets/BrokenVector/LowPolyDungeon/Prefabs/Tiles/Hallway_toStaircase_Top.prefab
  artifactKey: Guid(e4c0e291a3f433742ac8bad5c45ba01c) Importer(815301076,1909f56bfc062723c751e8b465ee728b)
Start importing Assets/BrokenVector/LowPolyDungeon/Prefabs/Tiles/Hallway_toStaircase_Top.prefab using Guid(e4c0e291a3f433742ac8bad5c45ba01c) Importer(815301076,1909f56bfc062723c751e8b465ee728b)  -> (artifact id: '5e000b2ada75a22de654cf93ffdcd91b') in 0.008029 seconds 
========================================================================
Received Import Request.
  Time since last request: 0.000052 seconds.
  path: Assets/BrokenVector/LowPolyDungeon/Prefabs/Tiles/HoleFix_Half.prefab
  artifactKey: Guid(4cd248ecb5dd495468c0a783da4a4ae9) Importer(815301076,1909f56bfc062723c751e8b465ee728b)
Start importing Assets/BrokenVector/LowPolyDungeon/Prefabs/Tiles/HoleFix_Half.prefab using Guid(4cd248ecb5dd495468c0a783da4a4ae9) Importer(815301076,1909f56bfc062723c751e8b465ee728b)  -> (artifact id: '0ed8f13f68dfb8712d40eaa7963f4444') in 0.007688 seconds 
========================================================================
Received Import Request.
  Time since last request: 0.000073 seconds.
  path: Assets/BrokenVector/LowPolyDungeon/Prefabs/Tiles/Jail_Door_Left.prefab
  artifactKey: Guid(c18611346c4c58945a94163404f2e1e2) Importer(815301076,1909f56bfc062723c751e8b465ee728b)
Start importing Assets/BrokenVector/LowPolyDungeon/Prefabs/Tiles/Jail_Door_Left.prefab using Guid(c18611346c4c58945a94163404f2e1e2) Importer(815301076,1909f56bfc062723c751e8b465ee728b)  -> (artifact id: '30c984054a1aae8493e2bb7e9eea0c7f') in 0.005200 seconds 
========================================================================
Received Import Request.
  Time since last request: 0.388387 seconds.
  path: Assets/BrokenVector/LowPolyDungeon/Prefabs/Tiles/Portcullis_Wood.prefab
  artifactKey: Guid(da389f98d36554042874cf88abbff5ef) Importer(815301076,1909f56bfc062723c751e8b465ee728b)
Start importing Assets/BrokenVector/LowPolyDungeon/Prefabs/Tiles/Portcullis_Wood.prefab using Guid(da389f98d36554042874cf88abbff5ef) Importer(815301076,1909f56bfc062723c751e8b465ee728b)  -> (artifact id: '4fba386106d243adbeba53a881752210') in 0.007931 seconds 
========================================================================
Received Import Request.
  Time since last request: 0.000049 seconds.
  path: Assets/BrokenVector/LowPolyDungeon/Prefabs/Tiles/Steps_Small.prefab
  artifactKey: Guid(bca29393fb49e1e4d862950ab1749426) Importer(815301076,1909f56bfc062723c751e8b465ee728b)
Start importing Assets/BrokenVector/LowPolyDungeon/Prefabs/Tiles/Steps_Small.prefab using Guid(bca29393fb49e1e4d862950ab1749426) Importer(815301076,1909f56bfc062723c751e8b465ee728b)  -> (artifact id: '40e2488aadd9a43ad673cd062819d0cc') in 0.008938 seconds 
Editor requested this worker to shutdown with reason: Scaling down because of idle timeout
AssetImportWorker is now disconnected from the server
Process exiting
